Suits
Ranks
Ranks
Ranks
Ranks
postShuffle
{ Suit = clubs, Rank = two }
{ Suit = hearts, Rank = two }
{ Suit = clubs, Rank = three }
{ Suit = hearts, Rank = three }
{ Suit = clubs, Rank = four }
{ Suit = hearts, Rank = four }
{ Suit = clubs, Rank = five }
{ Suit = hearts, Rank = five }
{ Suit = clubs, Rank = six }
{ Suit = hearts, Rank = six }
{ Suit = clubs, Rank = seven }
{ Suit = hearts, Rank = seven }
{ Suit = clubs, Rank = eight }
{ Suit = hearts, Rank = eight }
{ Suit = clubs, Rank = nine }
{ Suit = hearts, Rank = nine }
{ Suit = clubs, Rank = ten }
{ Suit = hearts, Rank = ten }
{ Suit = clubs, Rank = jack }
{ Suit = hearts, Rank = jack }
{ Suit = clubs, Rank = queen }
{ Suit = hearts, Rank = queen }
{ Suit = clubs, Rank = king }
{ Suit = hearts, Rank = king }
{ Suit = clubs, Rank = ace }
{ Suit = hearts, Rank = ace }
{ Suit = diamonds, Rank = two }
{ Suit = spades, Rank = two }
{ Suit = diamonds, Rank = three }
{ Suit = spades, Rank = three }
{ Suit = diamonds, Rank = four }
{ Suit = spades, Rank = four }
{ Suit = diamonds, Rank = five }
{ Suit = spades, Rank = five }
{ Suit = diamonds, Rank = six }
{ Suit = spades, Rank = six }
{ Suit = diamonds, Rank = seven }
{ Suit = spades, Rank = seven }
{ Suit = diamonds, Rank = eight }
{ Suit = spades, Rank = eight }
{ Suit = diamonds, Rank = nine }
{ Suit = spades, Rank = nine }
{ Suit = diamonds, Rank = ten }
{ Suit = spades, Rank = ten }
{ Suit = diamonds, Rank = jack }
{ Suit = spades, Rank = jack }
{ Suit = diamonds, Rank = queen }
{ Suit = spades, Rank = queen }
{ Suit = diamonds, Rank = king }
{ Suit = spades, Rank = king }
{ Suit = diamonds, Rank = ace }
{ Suit = spades, Rank = ace }
How many reverse shuffles to match starting order
{ Suit = hearts, Rank = two }
{ Suit = clubs, Rank = two }
{ Suit = hearts, Rank = three }
{ Suit = clubs, Rank = three }
{ Suit = hearts, Rank = four }
{ Suit = clubs, Rank = four }
{ Suit = hearts, Rank = five }
{ Suit = clubs, Rank = five }
{ Suit = hearts, Rank = six }
{ Suit = clubs, Rank = six }
{ Suit = hearts, Rank = seven }
{ Suit = clubs, Rank = seven }
{ Suit = hearts, Rank = eight }
{ Suit = clubs, Rank = eight }
{ Suit = hearts, Rank = nine }
{ Suit = clubs, Rank = nine }
{ Suit = hearts, Rank = ten }
{ Suit = clubs, Rank = ten }
{ Suit = hearts, Rank = jack }
{ Suit = clubs, Rank = jack }
{ Suit = hearts, Rank = queen }
{ Suit = clubs, Rank = queen }
{ Suit = hearts, Rank = king }
{ Suit = clubs, Rank = king }
{ Suit = hearts, Rank = ace }
{ Suit = clubs, Rank = ace }
{ Suit = spades, Rank = two }
{ Suit = diamonds, Rank = two }
{ Suit = spades, Rank = three }
{ Suit = diamonds, Rank = three }
{ Suit = spades, Rank = four }
{ Suit = diamonds, Rank = four }
{ Suit = spades, Rank = five }
{ Suit = diamonds, Rank = five }
{ Suit = spades, Rank = six }
{ Suit = diamonds, Rank = six }
{ Suit = spades, Rank = seven }
{ Suit = diamonds, Rank = seven }
{ Suit = spades, Rank = eight }
{ Suit = diamonds, Rank = eight }
{ Suit = spades, Rank = nine }
{ Suit = diamonds, Rank = nine }
{ Suit = spades, Rank = ten }
{ Suit = diamonds, Rank = ten }
{ Suit = spades, Rank = jack }
{ Suit = diamonds, Rank = jack }
{ Suit = spades, Rank = queen }
{ Suit = diamonds, Rank = queen }
{ Suit = spades, Rank = king }
{ Suit = diamonds, Rank = king }
{ Suit = spades, Rank = ace }
{ Suit = diamonds, Rank = ace }

{ Suit = spades, Rank = two }
{ Suit = hearts, Rank = two }
{ Suit = diamonds, Rank = two }
{ Suit = clubs, Rank = two }
{ Suit = spades, Rank = three }
{ Suit = hearts, Rank = three }
{ Suit = diamonds, Rank = three }
{ Suit = clubs, Rank = three }
{ Suit = spades, Rank = four }
{ Suit = hearts, Rank = four }
{ Suit = diamonds, Rank = four }
{ Suit = clubs, Rank = four }
{ Suit = spades, Rank = five }
{ Suit = hearts, Rank = five }
{ Suit = diamonds, Rank = five }
{ Suit = clubs, Rank = five }
{ Suit = spades, Rank = six }
{ Suit = hearts, Rank = six }
{ Suit = diamonds, Rank = six }
{ Suit = clubs, Rank = six }
{ Suit = spades, Rank = seven }
{ Suit = hearts, Rank = seven }
{ Suit = diamonds, Rank = seven }
{ Suit = clubs, Rank = seven }
{ Suit = spades, Rank = eight }
{ Suit = hearts, Rank = eight }
{ Suit = diamonds, Rank = eight }
{ Suit = clubs, Rank = eight }
{ Suit = spades, Rank = nine }
{ Suit = hearts, Rank = nine }
{ Suit = diamonds, Rank = nine }
{ Suit = clubs, Rank = nine }
{ Suit = spades, Rank = ten }
{ Suit = hearts, Rank = ten }
{ Suit = diamonds, Rank = ten }
{ Suit = clubs, Rank = ten }
{ Suit = spades, Rank = jack }
{ Suit = hearts, Rank = jack }
{ Suit = diamonds, Rank = jack }
{ Suit = clubs, Rank = jack }
{ Suit = spades, Rank = queen }
{ Suit = hearts, Rank = queen }
{ Suit = diamonds, Rank = queen }
{ Suit = clubs, Rank = queen }
{ Suit = spades, Rank = king }
{ Suit = hearts, Rank = king }
{ Suit = diamonds, Rank = king }
{ Suit = clubs, Rank = king }
{ Suit = spades, Rank = ace }
{ Suit = hearts, Rank = ace }
{ Suit = diamonds, Rank = ace }
{ Suit = clubs, Rank = ace }

{ Suit = diamonds, Rank = eight }
{ Suit = spades, Rank = two }
{ Suit = clubs, Rank = eight }
{ Suit = hearts, Rank = two }
{ Suit = spades, Rank = nine }
{ Suit = diamonds, Rank = two }
{ Suit = hearts, Rank = nine }
{ Suit = clubs, Rank = two }
{ Suit = diamonds, Rank = nine }
{ Suit = spades, Rank = three }
{ Suit = clubs, Rank = nine }
{ Suit = hearts, Rank = three }
{ Suit = spades, Rank = ten }
{ Suit = diamonds, Rank = three }
{ Suit = hearts, Rank = ten }
{ Suit = clubs, Rank = three }
{ Suit = diamonds, Rank = ten }
{ Suit = spades, Rank = four }
{ Suit = clubs, Rank = ten }
{ Suit = hearts, Rank = four }
{ Suit = spades, Rank = jack }
{ Suit = diamonds, Rank = four }
{ Suit = hearts, Rank = jack }
{ Suit = clubs, Rank = four }
{ Suit = diamonds, Rank = jack }
{ Suit = spades, Rank = five }
{ Suit = clubs, Rank = jack }
{ Suit = hearts, Rank = five }
{ Suit = spades, Rank = queen }
{ Suit = diamonds, Rank = five }
{ Suit = hearts, Rank = queen }
{ Suit = clubs, Rank = five }
{ Suit = diamonds, Rank = queen }
{ Suit = spades, Rank = six }
{ Suit = clubs, Rank = queen }
{ Suit = hearts, Rank = six }
{ Suit = spades, Rank = king }
{ Suit = diamonds, Rank = six }
{ Suit = hearts, Rank = king }
{ Suit = clubs, Rank = six }
{ Suit = diamonds, Rank = king }
{ Suit = spades, Rank = seven }
{ Suit = clubs, Rank = king }
{ Suit = hearts, Rank = seven }
{ Suit = spades, Rank = ace }
{ Suit = diamonds, Rank = seven }
{ Suit = hearts, Rank = ace }
{ Suit = clubs, Rank = seven }
{ Suit = diamonds, Rank = ace }
{ Suit = spades, Rank = eight }
{ Suit = clubs, Rank = ace }
{ Suit = hearts, Rank = eight }

{ Suit = clubs, Rank = jack }
{ Suit = diamonds, Rank = eight }
{ Suit = hearts, Rank = five }
{ Suit = spades, Rank = two }
{ Suit = spades, Rank = queen }
{ Suit = clubs, Rank = eight }
{ Suit = diamonds, Rank = five }
{ Suit = hearts, Rank = two }
{ Suit = hearts, Rank = queen }
{ Suit = spades, Rank = nine }
{ Suit = clubs, Rank = five }
{ Suit = diamonds, Rank = two }
{ Suit = diamonds, Rank = queen }
{ Suit = hearts, Rank = nine }
{ Suit = spades, Rank = six }
{ Suit = clubs, Rank = two }
{ Suit = clubs, Rank = queen }
{ Suit = diamonds, Rank = nine }
{ Suit = hearts, Rank = six }
{ Suit = spades, Rank = three }
{ Suit = spades, Rank = king }
{ Suit = clubs, Rank = nine }
{ Suit = diamonds, Rank = six }
{ Suit = hearts, Rank = three }
{ Suit = hearts, Rank = king }
{ Suit = spades, Rank = ten }
{ Suit = clubs, Rank = six }
{ Suit = diamonds, Rank = three }
{ Suit = diamonds, Rank = king }
{ Suit = hearts, Rank = ten }
{ Suit = spades, Rank = seven }
{ Suit = clubs, Rank = three }
{ Suit = clubs, Rank = king }
{ Suit = diamonds, Rank = ten }
{ Suit = hearts, Rank = seven }
{ Suit = spades, Rank = four }
{ Suit = spades, Rank = ace }
{ Suit = clubs, Rank = ten }
{ Suit = diamonds, Rank = seven }
{ Suit = hearts, Rank = four }
{ Suit = hearts, Rank = ace }
{ Suit = spades, Rank = jack }
{ Suit = clubs, Rank = seven }
{ Suit = diamonds, Rank = four }
{ Suit = diamonds, Rank = ace }
{ Suit = hearts, Rank = jack }
{ Suit = spades, Rank = eight }
{ Suit = clubs, Rank = four }
{ Suit = clubs, Rank = ace }
{ Suit = diamonds, Rank = jack }
{ Suit = hearts, Rank = eight }
{ Suit = spades, Rank = five }

{ Suit = clubs, Rank = six }
{ Suit = clubs, Rank = jack }
{ Suit = diamonds, Rank = three }
{ Suit = diamonds, Rank = eight }
{ Suit = diamonds, Rank = king }
{ Suit = hearts, Rank = five }
{ Suit = hearts, Rank = ten }
{ Suit = spades, Rank = two }
{ Suit = spades, Rank = seven }
{ Suit = spades, Rank = queen }
{ Suit = clubs, Rank = three }
{ Suit = clubs, Rank = eight }
{ Suit = clubs, Rank = king }
{ Suit = diamonds, Rank = five }
{ Suit = diamonds, Rank = ten }
{ Suit = hearts, Rank = two }
{ Suit = hearts, Rank = seven }
{ Suit = hearts, Rank = queen }
{ Suit = spades, Rank = four }
{ Suit = spades, Rank = nine }
{ Suit = spades, Rank = ace }
{ Suit = clubs, Rank = five }
{ Suit = clubs, Rank = ten }
{ Suit = diamonds, Rank = two }
{ Suit = diamonds, Rank = seven }
{ Suit = diamonds, Rank = queen }
{ Suit = hearts, Rank = four }
{ Suit = hearts, Rank = nine }
{ Suit = hearts, Rank = ace }
{ Suit = spades, Rank = six }
{ Suit = spades, Rank = jack }
{ Suit = clubs, Rank = two }
{ Suit = clubs, Rank = seven }
{ Suit = clubs, Rank = queen }
{ Suit = diamonds, Rank = four }
{ Suit = diamonds, Rank = nine }
{ Suit = diamonds, Rank = ace }
{ Suit = hearts, Rank = six }
{ Suit = hearts, Rank = jack }
{ Suit = spades, Rank = three }
{ Suit = spades, Rank = eight }
{ Suit = spades, Rank = king }
{ Suit = clubs, Rank = four }
{ Suit = clubs, Rank = nine }
{ Suit = clubs, Rank = ace }
{ Suit = diamonds, Rank = six }
{ Suit = diamonds, Rank = jack }
{ Suit = hearts, Rank = three }
{ Suit = hearts, Rank = eight }
{ Suit = hearts, Rank = king }
{ Suit = spades, Rank = five }
{ Suit = spades, Rank = ten }

{ Suit = hearts, Rank = four }
{ Suit = clubs, Rank = six }
{ Suit = hearts, Rank = nine }
{ Suit = clubs, Rank = jack }
{ Suit = hearts, Rank = ace }
{ Suit = diamonds, Rank = three }
{ Suit = spades, Rank = six }
{ Suit = diamonds, Rank = eight }
{ Suit = spades, Rank = jack }
{ Suit = diamonds, Rank = king }
{ Suit = clubs, Rank = two }
{ Suit = hearts, Rank = five }
{ Suit = clubs, Rank = seven }
{ Suit = hearts, Rank = ten }
{ Suit = clubs, Rank = queen }
{ Suit = spades, Rank = two }
{ Suit = diamonds, Rank = four }
{ Suit = spades, Rank = seven }
{ Suit = diamonds, Rank = nine }
{ Suit = spades, Rank = queen }
{ Suit = diamonds, Rank = ace }
{ Suit = clubs, Rank = three }
{ Suit = hearts, Rank = six }
{ Suit = clubs, Rank = eight }
{ Suit = hearts, Rank = jack }
{ Suit = clubs, Rank = king }
{ Suit = spades, Rank = three }
{ Suit = diamonds, Rank = five }
{ Suit = spades, Rank = eight }
{ Suit = diamonds, Rank = ten }
{ Suit = spades, Rank = king }
{ Suit = hearts, Rank = two }
{ Suit = clubs, Rank = four }
{ Suit = hearts, Rank = seven }
{ Suit = clubs, Rank = nine }
{ Suit = hearts, Rank = queen }
{ Suit = clubs, Rank = ace }
{ Suit = spades, Rank = four }
{ Suit = diamonds, Rank = six }
{ Suit = spades, Rank = nine }
{ Suit = diamonds, Rank = jack }
{ Suit = spades, Rank = ace }
{ Suit = hearts, Rank = three }
{ Suit = clubs, Rank = five }
{ Suit = hearts, Rank = eight }
{ Suit = clubs, Rank = ten }
{ Suit = hearts, Rank = king }
{ Suit = diamonds, Rank = two }
{ Suit = spades, Rank = five }
{ Suit = diamonds, Rank = seven }
{ Suit = spades, Rank = ten }
{ Suit = diamonds, Rank = queen }

{ Suit = spades, Rank = three }
{ Suit = hearts, Rank = four }
{ Suit = diamonds, Rank = five }
{ Suit = clubs, Rank = six }
{ Suit = spades, Rank = eight }
{ Suit = hearts, Rank = nine }
{ Suit = diamonds, Rank = ten }
{ Suit = clubs, Rank = jack }
{ Suit = spades, Rank = king }
{ Suit = hearts, Rank = ace }
{ Suit = hearts, Rank = two }
{ Suit = diamonds, Rank = three }
{ Suit = clubs, Rank = four }
{ Suit = spades, Rank = six }
{ Suit = hearts, Rank = seven }
{ Suit = diamonds, Rank = eight }
{ Suit = clubs, Rank = nine }
{ Suit = spades, Rank = jack }
{ Suit = hearts, Rank = queen }
{ Suit = diamonds, Rank = king }
{ Suit = clubs, Rank = ace }
{ Suit = clubs, Rank = two }
{ Suit = spades, Rank = four }
{ Suit = hearts, Rank = five }
{ Suit = diamonds, Rank = six }
{ Suit = clubs, Rank = seven }
{ Suit = spades, Rank = nine }
{ Suit = hearts, Rank = ten }
{ Suit = diamonds, Rank = jack }
{ Suit = clubs, Rank = queen }
{ Suit = spades, Rank = ace }
{ Suit = spades, Rank = two }
{ Suit = hearts, Rank = three }
{ Suit = diamonds, Rank = four }
{ Suit = clubs, Rank = five }
{ Suit = spades, Rank = seven }
{ Suit = hearts, Rank = eight }
{ Suit = diamonds, Rank = nine }
{ Suit = clubs, Rank = ten }
{ Suit = spades, Rank = queen }
{ Suit = hearts, Rank = king }
{ Suit = diamonds, Rank = ace }
{ Suit = diamonds, Rank = two }
{ Suit = clubs, Rank = three }
{ Suit = spades, Rank = five }
{ Suit = hearts, Rank = six }
{ Suit = diamonds, Rank = seven }
{ Suit = clubs, Rank = eight }
{ Suit = spades, Rank = ten }
{ Suit = hearts, Rank = jack }
{ Suit = diamonds, Rank = queen }
{ Suit = clubs, Rank = king }

{ Suit = spades, Rank = nine }
{ Suit = spades, Rank = three }
{ Suit = hearts, Rank = ten }
{ Suit = hearts, Rank = four }
{ Suit = diamonds, Rank = jack }
{ Suit = diamonds, Rank = five }
{ Suit = clubs, Rank = queen }
{ Suit = clubs, Rank = six }
{ Suit = spades, Rank = ace }
{ Suit = spades, Rank = eight }
{ Suit = spades, Rank = two }
{ Suit = hearts, Rank = nine }
{ Suit = hearts, Rank = three }
{ Suit = diamonds, Rank = ten }
{ Suit = diamonds, Rank = four }
{ Suit = clubs, Rank = jack }
{ Suit = clubs, Rank = five }
{ Suit = spades, Rank = king }
{ Suit = spades, Rank = seven }
{ Suit = hearts, Rank = ace }
{ Suit = hearts, Rank = eight }
{ Suit = hearts, Rank = two }
{ Suit = diamonds, Rank = nine }
{ Suit = diamonds, Rank = three }
{ Suit = clubs, Rank = ten }
{ Suit = clubs, Rank = four }
{ Suit = spades, Rank = queen }
{ Suit = spades, Rank = six }
{ Suit = hearts, Rank = king }
{ Suit = hearts, Rank = seven }
{ Suit = diamonds, Rank = ace }
{ Suit = diamonds, Rank = eight }
{ Suit = diamonds, Rank = two }
{ Suit = clubs, Rank = nine }
{ Suit = clubs, Rank = three }
{ Suit = spades, Rank = jack }
{ Suit = spades, Rank = five }
{ Suit = hearts, Rank = queen }
{ Suit = hearts, Rank = six }
{ Suit = diamonds, Rank = king }
{ Suit = diamonds, Rank = seven }
{ Suit = clubs, Rank = ace }
{ Suit = clubs, Rank = eight }
{ Suit = clubs, Rank = two }
{ Suit = spades, Rank = ten }
{ Suit = spades, Rank = four }
{ Suit = hearts, Rank = jack }
{ Suit = hearts, Rank = five }
{ Suit = diamonds, Rank = queen }
{ Suit = diamonds, Rank = six }
{ Suit = clubs, Rank = king }
{ Suit = clubs, Rank = seven }

{ Suit = spades, Rank = queen }
{ Suit = spades, Rank = nine }
{ Suit = spades, Rank = six }
{ Suit = spades, Rank = three }
{ Suit = hearts, Rank = king }
{ Suit = hearts, Rank = ten }
{ Suit = hearts, Rank = seven }
{ Suit = hearts, Rank = four }
{ Suit = diamonds, Rank = ace }
{ Suit = diamonds, Rank = jack }
{ Suit = diamonds, Rank = eight }
{ Suit = diamonds, Rank = five }
{ Suit = diamonds, Rank = two }
{ Suit = clubs, Rank = queen }
{ Suit = clubs, Rank = nine }
{ Suit = clubs, Rank = six }
{ Suit = clubs, Rank = three }
{ Suit = spades, Rank = ace }
{ Suit = spades, Rank = jack }
{ Suit = spades, Rank = eight }
{ Suit = spades, Rank = five }
{ Suit = spades, Rank = two }
{ Suit = hearts, Rank = queen }
{ Suit = hearts, Rank = nine }
{ Suit = hearts, Rank = six }
{ Suit = hearts, Rank = three }
{ Suit = diamonds, Rank = king }
{ Suit = diamonds, Rank = ten }
{ Suit = diamonds, Rank = seven }
{ Suit = diamonds, Rank = four }
{ Suit = clubs, Rank = ace }
{ Suit = clubs, Rank = jack }
{ Suit = clubs, Rank = eight }
{ Suit = clubs, Rank = five }
{ Suit = clubs, Rank = two }
{ Suit = spades, Rank = king }
{ Suit = spades, Rank = ten }
{ Suit = spades, Rank = seven }
{ Suit = spades, Rank = four }
{ Suit = hearts, Rank = ace }
{ Suit = hearts, Rank = jack }
{ Suit = hearts, Rank = eight }
{ Suit = hearts, Rank = five }
{ Suit = hearts, Rank = two }
{ Suit = diamonds, Rank = queen }
{ Suit = diamonds, Rank = nine }
{ Suit = diamonds, Rank = six }
{ Suit = diamonds, Rank = three }
{ Suit = clubs, Rank = king }
{ Suit = clubs, Rank = ten }
{ Suit = clubs, Rank = seven }
{ Suit = clubs, Rank = four }

{ Suit = diamonds, Rank = king }
{ Suit = spades, Rank = queen }
{ Suit = diamonds, Rank = ten }
{ Suit = spades, Rank = nine }
{ Suit = diamonds, Rank = seven }
{ Suit = spades, Rank = six }
{ Suit = diamonds, Rank = four }
{ Suit = spades, Rank = three }
{ Suit = clubs, Rank = ace }
{ Suit = hearts, Rank = king }
{ Suit = clubs, Rank = jack }
{ Suit = hearts, Rank = ten }
{ Suit = clubs, Rank = eight }
{ Suit = hearts, Rank = seven }
{ Suit = clubs, Rank = five }
{ Suit = hearts, Rank = four }
{ Suit = clubs, Rank = two }
{ Suit = diamonds, Rank = ace }
{ Suit = spades, Rank = king }
{ Suit = diamonds, Rank = jack }
{ Suit = spades, Rank = ten }
{ Suit = diamonds, Rank = eight }
{ Suit = spades, Rank = seven }
{ Suit = diamonds, Rank = five }
{ Suit = spades, Rank = four }
{ Suit = diamonds, Rank = two }
{ Suit = hearts, Rank = ace }
{ Suit = clubs, Rank = queen }
{ Suit = hearts, Rank = jack }
{ Suit = clubs, Rank = nine }
{ Suit = hearts, Rank = eight }
{ Suit = clubs, Rank = six }
{ Suit = hearts, Rank = five }
{ Suit = clubs, Rank = three }
{ Suit = hearts, Rank = two }
{ Suit = spades, Rank = ace }
{ Suit = diamonds, Rank = queen }
{ Suit = spades, Rank = jack }
{ Suit = diamonds, Rank = nine }
{ Suit = spades, Rank = eight }
{ Suit = diamonds, Rank = six }
{ Suit = spades, Rank = five }
{ Suit = diamonds, Rank = three }
{ Suit = spades, Rank = two }
{ Suit = clubs, Rank = king }
{ Suit = hearts, Rank = queen }
{ Suit = clubs, Rank = ten }
{ Suit = hearts, Rank = nine }
{ Suit = clubs, Rank = seven }
{ Suit = hearts, Rank = six }
{ Suit = clubs, Rank = four }
{ Suit = hearts, Rank = three }

{ Suit = hearts, Rank = ace }
{ Suit = diamonds, Rank = king }
{ Suit = clubs, Rank = queen }
{ Suit = spades, Rank = queen }
{ Suit = hearts, Rank = jack }
{ Suit = diamonds, Rank = ten }
{ Suit = clubs, Rank = nine }
{ Suit = spades, Rank = nine }
{ Suit = hearts, Rank = eight }
{ Suit = diamonds, Rank = seven }
{ Suit = clubs, Rank = six }
{ Suit = spades, Rank = six }
{ Suit = hearts, Rank = five }
{ Suit = diamonds, Rank = four }
{ Suit = clubs, Rank = three }
{ Suit = spades, Rank = three }
{ Suit = hearts, Rank = two }
{ Suit = clubs, Rank = ace }
{ Suit = spades, Rank = ace }
{ Suit = hearts, Rank = king }
{ Suit = diamonds, Rank = queen }
{ Suit = clubs, Rank = jack }
{ Suit = spades, Rank = jack }
{ Suit = hearts, Rank = ten }
{ Suit = diamonds, Rank = nine }
{ Suit = clubs, Rank = eight }
{ Suit = spades, Rank = eight }
{ Suit = hearts, Rank = seven }
{ Suit = diamonds, Rank = six }
{ Suit = clubs, Rank = five }
{ Suit = spades, Rank = five }
{ Suit = hearts, Rank = four }
{ Suit = diamonds, Rank = three }
{ Suit = clubs, Rank = two }
{ Suit = spades, Rank = two }
{ Suit = diamonds, Rank = ace }
{ Suit = clubs, Rank = king }
{ Suit = spades, Rank = king }
{ Suit = hearts, Rank = queen }
{ Suit = diamonds, Rank = jack }
{ Suit = clubs, Rank = ten }
{ Suit = spades, Rank = ten }
{ Suit = hearts, Rank = nine }
{ Suit = diamonds, Rank = eight }
{ Suit = clubs, Rank = seven }
{ Suit = spades, Rank = seven }
{ Suit = hearts, Rank = six }
{ Suit = diamonds, Rank = five }
{ Suit = clubs, Rank = four }
{ Suit = spades, Rank = four }
{ Suit = hearts, Rank = three }
{ Suit = diamonds, Rank = two }

{ Suit = spades, Rank = eight }
{ Suit = hearts, Rank = ace }
{ Suit = hearts, Rank = seven }
{ Suit = diamonds, Rank = king }
{ Suit = diamonds, Rank = six }
{ Suit = clubs, Rank = queen }
{ Suit = clubs, Rank = five }
{ Suit = spades, Rank = queen }
{ Suit = spades, Rank = five }
{ Suit = hearts, Rank = jack }
{ Suit = hearts, Rank = four }
{ Suit = diamonds, Rank = ten }
{ Suit = diamonds, Rank = three }
{ Suit = clubs, Rank = nine }
{ Suit = clubs, Rank = two }
{ Suit = spades, Rank = nine }
{ Suit = spades, Rank = two }
{ Suit = hearts, Rank = eight }
{ Suit = diamonds, Rank = ace }
{ Suit = diamonds, Rank = seven }
{ Suit = clubs, Rank = king }
{ Suit = clubs, Rank = six }
{ Suit = spades, Rank = king }
{ Suit = spades, Rank = six }
{ Suit = hearts, Rank = queen }
{ Suit = hearts, Rank = five }
{ Suit = diamonds, Rank = jack }
{ Suit = diamonds, Rank = four }
{ Suit = clubs, Rank = ten }
{ Suit = clubs, Rank = three }
{ Suit = spades, Rank = ten }
{ Suit = spades, Rank = three }
{ Suit = hearts, Rank = nine }
{ Suit = hearts, Rank = two }
{ Suit = diamonds, Rank = eight }
{ Suit = clubs, Rank = ace }
{ Suit = clubs, Rank = seven }
{ Suit = spades, Rank = ace }
{ Suit = spades, Rank = seven }
{ Suit = hearts, Rank = king }
{ Suit = hearts, Rank = six }
{ Suit = diamonds, Rank = queen }
{ Suit = diamonds, Rank = five }
{ Suit = clubs, Rank = jack }
{ Suit = clubs, Rank = four }
{ Suit = spades, Rank = jack }
{ Suit = spades, Rank = four }
{ Suit = hearts, Rank = ten }
{ Suit = hearts, Rank = three }
{ Suit = diamonds, Rank = nine }
{ Suit = diamonds, Rank = two }
{ Suit = clubs, Rank = eight }

{ Suit = diamonds, Rank = jack }
{ Suit = spades, Rank = eight }
{ Suit = diamonds, Rank = four }
{ Suit = hearts, Rank = ace }
{ Suit = clubs, Rank = ten }
{ Suit = hearts, Rank = seven }
{ Suit = clubs, Rank = three }
{ Suit = diamonds, Rank = king }
{ Suit = spades, Rank = ten }
{ Suit = diamonds, Rank = six }
{ Suit = spades, Rank = three }
{ Suit = clubs, Rank = queen }
{ Suit = hearts, Rank = nine }
{ Suit = clubs, Rank = five }
{ Suit = hearts, Rank = two }
{ Suit = spades, Rank = queen }
{ Suit = diamonds, Rank = eight }
{ Suit = spades, Rank = five }
{ Suit = clubs, Rank = ace }
{ Suit = hearts, Rank = jack }
{ Suit = clubs, Rank = seven }
{ Suit = hearts, Rank = four }
{ Suit = spades, Rank = ace }
{ Suit = diamonds, Rank = ten }
{ Suit = spades, Rank = seven }
{ Suit = diamonds, Rank = three }
{ Suit = hearts, Rank = king }
{ Suit = clubs, Rank = nine }
{ Suit = hearts, Rank = six }
{ Suit = clubs, Rank = two }
{ Suit = diamonds, Rank = queen }
{ Suit = spades, Rank = nine }
{ Suit = diamonds, Rank = five }
{ Suit = spades, Rank = two }
{ Suit = clubs, Rank = jack }
{ Suit = hearts, Rank = eight }
{ Suit = clubs, Rank = four }
{ Suit = diamonds, Rank = ace }
{ Suit = spades, Rank = jack }
{ Suit = diamonds, Rank = seven }
{ Suit = spades, Rank = four }
{ Suit = clubs, Rank = king }
{ Suit = hearts, Rank = ten }
{ Suit = clubs, Rank = six }
{ Suit = hearts, Rank = three }
{ Suit = spades, Rank = king }
{ Suit = diamonds, Rank = nine }
{ Suit = spades, Rank = six }
{ Suit = diamonds, Rank = two }
{ Suit = hearts, Rank = queen }
{ Suit = clubs, Rank = eight }
{ Suit = hearts, Rank = five }

{ Suit = hearts, Rank = king }
{ Suit = diamonds, Rank = jack }
{ Suit = clubs, Rank = nine }
{ Suit = spades, Rank = eight }
{ Suit = hearts, Rank = six }
{ Suit = diamonds, Rank = four }
{ Suit = clubs, Rank = two }
{ Suit = hearts, Rank = ace }
{ Suit = diamonds, Rank = queen }
{ Suit = clubs, Rank = ten }
{ Suit = spades, Rank = nine }
{ Suit = hearts, Rank = seven }
{ Suit = diamonds, Rank = five }
{ Suit = clubs, Rank = three }
{ Suit = spades, Rank = two }
{ Suit = diamonds, Rank = king }
{ Suit = clubs, Rank = jack }
{ Suit = spades, Rank = ten }
{ Suit = hearts, Rank = eight }
{ Suit = diamonds, Rank = six }
{ Suit = clubs, Rank = four }
{ Suit = spades, Rank = three }
{ Suit = diamonds, Rank = ace }
{ Suit = clubs, Rank = queen }
{ Suit = spades, Rank = jack }
{ Suit = hearts, Rank = nine }
{ Suit = diamonds, Rank = seven }
{ Suit = clubs, Rank = five }
{ Suit = spades, Rank = four }
{ Suit = hearts, Rank = two }
{ Suit = clubs, Rank = king }
{ Suit = spades, Rank = queen }
{ Suit = hearts, Rank = ten }
{ Suit = diamonds, Rank = eight }
{ Suit = clubs, Rank = six }
{ Suit = spades, Rank = five }
{ Suit = hearts, Rank = three }
{ Suit = clubs, Rank = ace }
{ Suit = spades, Rank = king }
{ Suit = hearts, Rank = jack }
{ Suit = diamonds, Rank = nine }
{ Suit = clubs, Rank = seven }
{ Suit = spades, Rank = six }
{ Suit = hearts, Rank = four }
{ Suit = diamonds, Rank = two }
{ Suit = spades, Rank = ace }
{ Suit = hearts, Rank = queen }
{ Suit = diamonds, Rank = ten }
{ Suit = clubs, Rank = eight }
{ Suit = spades, Rank = seven }
{ Suit = hearts, Rank = five }
{ Suit = diamonds, Rank = three }

{ Suit = diamonds, Rank = seven }
{ Suit = hearts, Rank = king }
{ Suit = clubs, Rank = five }
{ Suit = diamonds, Rank = jack }
{ Suit = spades, Rank = four }
{ Suit = clubs, Rank = nine }
{ Suit = hearts, Rank = two }
{ Suit = spades, Rank = eight }
{ Suit = clubs, Rank = king }
{ Suit = hearts, Rank = six }
{ Suit = spades, Rank = queen }
{ Suit = diamonds, Rank = four }
{ Suit = hearts, Rank = ten }
{ Suit = clubs, Rank = two }
{ Suit = diamonds, Rank = eight }
{ Suit = hearts, Rank = ace }
{ Suit = clubs, Rank = six }
{ Suit = diamonds, Rank = queen }
{ Suit = spades, Rank = five }
{ Suit = clubs, Rank = ten }
{ Suit = hearts, Rank = three }
{ Suit = spades, Rank = nine }
{ Suit = clubs, Rank = ace }
{ Suit = hearts, Rank = seven }
{ Suit = spades, Rank = king }
{ Suit = diamonds, Rank = five }
{ Suit = hearts, Rank = jack }
{ Suit = clubs, Rank = three }
{ Suit = diamonds, Rank = nine }
{ Suit = spades, Rank = two }
{ Suit = clubs, Rank = seven }
{ Suit = diamonds, Rank = king }
{ Suit = spades, Rank = six }
{ Suit = clubs, Rank = jack }
{ Suit = hearts, Rank = four }
{ Suit = spades, Rank = ten }
{ Suit = diamonds, Rank = two }
{ Suit = hearts, Rank = eight }
{ Suit = spades, Rank = ace }
{ Suit = diamonds, Rank = six }
{ Suit = hearts, Rank = queen }
{ Suit = clubs, Rank = four }
{ Suit = diamonds, Rank = ten }
{ Suit = spades, Rank = three }
{ Suit = clubs, Rank = eight }
{ Suit = diamonds, Rank = ace }
{ Suit = spades, Rank = seven }
{ Suit = clubs, Rank = queen }
{ Suit = hearts, Rank = five }
{ Suit = spades, Rank = jack }
{ Suit = diamonds, Rank = three }
{ Suit = hearts, Rank = nine }

{ Suit = hearts, Rank = jack }
{ Suit = diamonds, Rank = seven }
{ Suit = clubs, Rank = three }
{ Suit = hearts, Rank = king }
{ Suit = diamonds, Rank = nine }
{ Suit = clubs, Rank = five }
{ Suit = spades, Rank = two }
{ Suit = diamonds, Rank = jack }
{ Suit = clubs, Rank = seven }
{ Suit = spades, Rank = four }
{ Suit = diamonds, Rank = king }
{ Suit = clubs, Rank = nine }
{ Suit = spades, Rank = six }
{ Suit = hearts, Rank = two }
{ Suit = clubs, Rank = jack }
{ Suit = spades, Rank = eight }
{ Suit = hearts, Rank = four }
{ Suit = clubs, Rank = king }
{ Suit = spades, Rank = ten }
{ Suit = hearts, Rank = six }
{ Suit = diamonds, Rank = two }
{ Suit = spades, Rank = queen }
{ Suit = hearts, Rank = eight }
{ Suit = diamonds, Rank = four }
{ Suit = spades, Rank = ace }
{ Suit = hearts, Rank = ten }
{ Suit = diamonds, Rank = six }
{ Suit = clubs, Rank = two }
{ Suit = hearts, Rank = queen }
{ Suit = diamonds, Rank = eight }
{ Suit = clubs, Rank = four }
{ Suit = hearts, Rank = ace }
{ Suit = diamonds, Rank = ten }
{ Suit = clubs, Rank = six }
{ Suit = spades, Rank = three }
{ Suit = diamonds, Rank = queen }
{ Suit = clubs, Rank = eight }
{ Suit = spades, Rank = five }
{ Suit = diamonds, Rank = ace }
{ Suit = clubs, Rank = ten }
{ Suit = spades, Rank = seven }
{ Suit = hearts, Rank = three }
{ Suit = clubs, Rank = queen }
{ Suit = spades, Rank = nine }
{ Suit = hearts, Rank = five }
{ Suit = clubs, Rank = ace }
{ Suit = spades, Rank = jack }
{ Suit = hearts, Rank = seven }
{ Suit = diamonds, Rank = three }
{ Suit = spades, Rank = king }
{ Suit = hearts, Rank = nine }
{ Suit = diamonds, Rank = five }

{ Suit = diamonds, Rank = six }
{ Suit = hearts, Rank = jack }
{ Suit = clubs, Rank = two }
{ Suit = diamonds, Rank = seven }
{ Suit = hearts, Rank = queen }
{ Suit = clubs, Rank = three }
{ Suit = diamonds, Rank = eight }
{ Suit = hearts, Rank = king }
{ Suit = clubs, Rank = four }
{ Suit = diamonds, Rank = nine }
{ Suit = hearts, Rank = ace }
{ Suit = clubs, Rank = five }
{ Suit = diamonds, Rank = ten }
{ Suit = spades, Rank = two }
{ Suit = clubs, Rank = six }
{ Suit = diamonds, Rank = jack }
{ Suit = spades, Rank = three }
{ Suit = clubs, Rank = seven }
{ Suit = diamonds, Rank = queen }
{ Suit = spades, Rank = four }
{ Suit = clubs, Rank = eight }
{ Suit = diamonds, Rank = king }
{ Suit = spades, Rank = five }
{ Suit = clubs, Rank = nine }
{ Suit = diamonds, Rank = ace }
{ Suit = spades, Rank = six }
{ Suit = clubs, Rank = ten }
{ Suit = hearts, Rank = two }
{ Suit = spades, Rank = seven }
{ Suit = clubs, Rank = jack }
{ Suit = hearts, Rank = three }
{ Suit = spades, Rank = eight }
{ Suit = clubs, Rank = queen }
{ Suit = hearts, Rank = four }
{ Suit = spades, Rank = nine }
{ Suit = clubs, Rank = king }
{ Suit = hearts, Rank = five }
{ Suit = spades, Rank = ten }
{ Suit = clubs, Rank = ace }
{ Suit = hearts, Rank = six }
{ Suit = spades, Rank = jack }
{ Suit = diamonds, Rank = two }
{ Suit = hearts, Rank = seven }
{ Suit = spades, Rank = queen }
{ Suit = diamonds, Rank = three }
{ Suit = hearts, Rank = eight }
{ Suit = spades, Rank = king }
{ Suit = diamonds, Rank = four }
{ Suit = hearts, Rank = nine }
{ Suit = spades, Rank = ace }
{ Suit = diamonds, Rank = five }
{ Suit = hearts, Rank = ten }

{ Suit = clubs, Rank = ten }
{ Suit = diamonds, Rank = six }
{ Suit = hearts, Rank = two }
{ Suit = hearts, Rank = jack }
{ Suit = spades, Rank = seven }
{ Suit = clubs, Rank = two }
{ Suit = clubs, Rank = jack }
{ Suit = diamonds, Rank = seven }
{ Suit = hearts, Rank = three }
{ Suit = hearts, Rank = queen }
{ Suit = spades, Rank = eight }
{ Suit = clubs, Rank = three }
{ Suit = clubs, Rank = queen }
{ Suit = diamonds, Rank = eight }
{ Suit = hearts, Rank = four }
{ Suit = hearts, Rank = king }
{ Suit = spades, Rank = nine }
{ Suit = clubs, Rank = four }
{ Suit = clubs, Rank = king }
{ Suit = diamonds, Rank = nine }
{ Suit = hearts, Rank = five }
{ Suit = hearts, Rank = ace }
{ Suit = spades, Rank = ten }
{ Suit = clubs, Rank = five }
{ Suit = clubs, Rank = ace }
{ Suit = diamonds, Rank = ten }
{ Suit = hearts, Rank = six }
{ Suit = spades, Rank = two }
{ Suit = spades, Rank = jack }
{ Suit = clubs, Rank = six }
{ Suit = diamonds, Rank = two }
{ Suit = diamonds, Rank = jack }
{ Suit = hearts, Rank = seven }
{ Suit = spades, Rank = three }
{ Suit = spades, Rank = queen }
{ Suit = clubs, Rank = seven }
{ Suit = diamonds, Rank = three }
{ Suit = diamonds, Rank = queen }
{ Suit = hearts, Rank = eight }
{ Suit = spades, Rank = four }
{ Suit = spades, Rank = king }
{ Suit = clubs, Rank = eight }
{ Suit = diamonds, Rank = four }
{ Suit = diamonds, Rank = king }
{ Suit = hearts, Rank = nine }
{ Suit = spades, Rank = five }
{ Suit = spades, Rank = ace }
{ Suit = clubs, Rank = nine }
{ Suit = diamonds, Rank = five }
{ Suit = diamonds, Rank = ace }
{ Suit = hearts, Rank = ten }
{ Suit = spades, Rank = six }

{ Suit = hearts, Rank = six }
{ Suit = clubs, Rank = ten }
{ Suit = spades, Rank = two }
{ Suit = diamonds, Rank = six }
{ Suit = spades, Rank = jack }
{ Suit = hearts, Rank = two }
{ Suit = clubs, Rank = six }
{ Suit = hearts, Rank = jack }
{ Suit = diamonds, Rank = two }
{ Suit = spades, Rank = seven }
{ Suit = diamonds, Rank = jack }
{ Suit = clubs, Rank = two }
{ Suit = hearts, Rank = seven }
{ Suit = clubs, Rank = jack }
{ Suit = spades, Rank = three }
{ Suit = diamonds, Rank = seven }
{ Suit = spades, Rank = queen }
{ Suit = hearts, Rank = three }
{ Suit = clubs, Rank = seven }
{ Suit = hearts, Rank = queen }
{ Suit = diamonds, Rank = three }
{ Suit = spades, Rank = eight }
{ Suit = diamonds, Rank = queen }
{ Suit = clubs, Rank = three }
{ Suit = hearts, Rank = eight }
{ Suit = clubs, Rank = queen }
{ Suit = spades, Rank = four }
{ Suit = diamonds, Rank = eight }
{ Suit = spades, Rank = king }
{ Suit = hearts, Rank = four }
{ Suit = clubs, Rank = eight }
{ Suit = hearts, Rank = king }
{ Suit = diamonds, Rank = four }
{ Suit = spades, Rank = nine }
{ Suit = diamonds, Rank = king }
{ Suit = clubs, Rank = four }
{ Suit = hearts, Rank = nine }
{ Suit = clubs, Rank = king }
{ Suit = spades, Rank = five }
{ Suit = diamonds, Rank = nine }
{ Suit = spades, Rank = ace }
{ Suit = hearts, Rank = five }
{ Suit = clubs, Rank = nine }
{ Suit = hearts, Rank = ace }
{ Suit = diamonds, Rank = five }
{ Suit = spades, Rank = ten }
{ Suit = diamonds, Rank = ace }
{ Suit = clubs, Rank = five }
{ Suit = hearts, Rank = ten }
{ Suit = clubs, Rank = ace }
{ Suit = spades, Rank = six }
{ Suit = diamonds, Rank = ten }

{ Suit = spades, Rank = four }
{ Suit = hearts, Rank = six }
{ Suit = diamonds, Rank = eight }
{ Suit = clubs, Rank = ten }
{ Suit = spades, Rank = king }
{ Suit = spades, Rank = two }
{ Suit = hearts, Rank = four }
{ Suit = diamonds, Rank = six }
{ Suit = clubs, Rank = eight }
{ Suit = spades, Rank = jack }
{ Suit = hearts, Rank = king }
{ Suit = hearts, Rank = two }
{ Suit = diamonds, Rank = four }
{ Suit = clubs, Rank = six }
{ Suit = spades, Rank = nine }
{ Suit = hearts, Rank = jack }
{ Suit = diamonds, Rank = king }
{ Suit = diamonds, Rank = two }
{ Suit = clubs, Rank = four }
{ Suit = spades, Rank = seven }
{ Suit = hearts, Rank = nine }
{ Suit = diamonds, Rank = jack }
{ Suit = clubs, Rank = king }
{ Suit = clubs, Rank = two }
{ Suit = spades, Rank = five }
{ Suit = hearts, Rank = seven }
{ Suit = diamonds, Rank = nine }
{ Suit = clubs, Rank = jack }
{ Suit = spades, Rank = ace }
{ Suit = spades, Rank = three }
{ Suit = hearts, Rank = five }
{ Suit = diamonds, Rank = seven }
{ Suit = clubs, Rank = nine }
{ Suit = spades, Rank = queen }
{ Suit = hearts, Rank = ace }
{ Suit = hearts, Rank = three }
{ Suit = diamonds, Rank = five }
{ Suit = clubs, Rank = seven }
{ Suit = spades, Rank = ten }
{ Suit = hearts, Rank = queen }
{ Suit = diamonds, Rank = ace }
{ Suit = diamonds, Rank = three }
{ Suit = clubs, Rank = five }
{ Suit = spades, Rank = eight }
{ Suit = hearts, Rank = ten }
{ Suit = diamonds, Rank = queen }
{ Suit = clubs, Rank = ace }
{ Suit = clubs, Rank = three }
{ Suit = spades, Rank = six }
{ Suit = hearts, Rank = eight }
{ Suit = diamonds, Rank = ten }
{ Suit = clubs, Rank = queen }

{ Suit = diamonds, Rank = nine }
{ Suit = spades, Rank = four }
{ Suit = clubs, Rank = jack }
{ Suit = hearts, Rank = six }
{ Suit = spades, Rank = ace }
{ Suit = diamonds, Rank = eight }
{ Suit = spades, Rank = three }
{ Suit = clubs, Rank = ten }
{ Suit = hearts, Rank = five }
{ Suit = spades, Rank = king }
{ Suit = diamonds, Rank = seven }
{ Suit = spades, Rank = two }
{ Suit = clubs, Rank = nine }
{ Suit = hearts, Rank = four }
{ Suit = spades, Rank = queen }
{ Suit = diamonds, Rank = six }
{ Suit = hearts, Rank = ace }
{ Suit = clubs, Rank = eight }
{ Suit = hearts, Rank = three }
{ Suit = spades, Rank = jack }
{ Suit = diamonds, Rank = five }
{ Suit = hearts, Rank = king }
{ Suit = clubs, Rank = seven }
{ Suit = hearts, Rank = two }
{ Suit = spades, Rank = ten }
{ Suit = diamonds, Rank = four }
{ Suit = hearts, Rank = queen }
{ Suit = clubs, Rank = six }
{ Suit = diamonds, Rank = ace }
{ Suit = spades, Rank = nine }
{ Suit = diamonds, Rank = three }
{ Suit = hearts, Rank = jack }
{ Suit = clubs, Rank = five }
{ Suit = diamonds, Rank = king }
{ Suit = spades, Rank = eight }
{ Suit = diamonds, Rank = two }
{ Suit = hearts, Rank = ten }
{ Suit = clubs, Rank = four }
{ Suit = diamonds, Rank = queen }
{ Suit = spades, Rank = seven }
{ Suit = clubs, Rank = ace }
{ Suit = hearts, Rank = nine }
{ Suit = clubs, Rank = three }
{ Suit = diamonds, Rank = jack }
{ Suit = spades, Rank = six }
{ Suit = clubs, Rank = king }
{ Suit = hearts, Rank = eight }
{ Suit = clubs, Rank = two }
{ Suit = diamonds, Rank = ten }
{ Suit = spades, Rank = five }
{ Suit = clubs, Rank = queen }
{ Suit = hearts, Rank = seven }

{ Suit = hearts, Rank = queen }
{ Suit = diamonds, Rank = nine }
{ Suit = clubs, Rank = six }
{ Suit = spades, Rank = four }
{ Suit = diamonds, Rank = ace }
{ Suit = clubs, Rank = jack }
{ Suit = spades, Rank = nine }
{ Suit = hearts, Rank = six }
{ Suit = diamonds, Rank = three }
{ Suit = spades, Rank = ace }
{ Suit = hearts, Rank = jack }
{ Suit = diamonds, Rank = eight }
{ Suit = clubs, Rank = five }
{ Suit = spades, Rank = three }
{ Suit = diamonds, Rank = king }
{ Suit = clubs, Rank = ten }
{ Suit = spades, Rank = eight }
{ Suit = hearts, Rank = five }
{ Suit = diamonds, Rank = two }
{ Suit = spades, Rank = king }
{ Suit = hearts, Rank = ten }
{ Suit = diamonds, Rank = seven }
{ Suit = clubs, Rank = four }
{ Suit = spades, Rank = two }
{ Suit = diamonds, Rank = queen }
{ Suit = clubs, Rank = nine }
{ Suit = spades, Rank = seven }
{ Suit = hearts, Rank = four }
{ Suit = clubs, Rank = ace }
{ Suit = spades, Rank = queen }
{ Suit = hearts, Rank = nine }
{ Suit = diamonds, Rank = six }
{ Suit = clubs, Rank = three }
{ Suit = hearts, Rank = ace }
{ Suit = diamonds, Rank = jack }
{ Suit = clubs, Rank = eight }
{ Suit = spades, Rank = six }
{ Suit = hearts, Rank = three }
{ Suit = clubs, Rank = king }
{ Suit = spades, Rank = jack }
{ Suit = hearts, Rank = eight }
{ Suit = diamonds, Rank = five }
{ Suit = clubs, Rank = two }
{ Suit = hearts, Rank = king }
{ Suit = diamonds, Rank = ten }
{ Suit = clubs, Rank = seven }
{ Suit = spades, Rank = five }
{ Suit = hearts, Rank = two }
{ Suit = clubs, Rank = queen }
{ Suit = spades, Rank = ten }
{ Suit = hearts, Rank = seven }
{ Suit = diamonds, Rank = four }

{ Suit = spades, Rank = seven }
{ Suit = hearts, Rank = queen }
{ Suit = hearts, Rank = four }
{ Suit = diamonds, Rank = nine }
{ Suit = clubs, Rank = ace }
{ Suit = clubs, Rank = six }
{ Suit = spades, Rank = queen }
{ Suit = spades, Rank = four }
{ Suit = hearts, Rank = nine }
{ Suit = diamonds, Rank = ace }
{ Suit = diamonds, Rank = six }
{ Suit = clubs, Rank = jack }
{ Suit = clubs, Rank = three }
{ Suit = spades, Rank = nine }
{ Suit = hearts, Rank = ace }
{ Suit = hearts, Rank = six }
{ Suit = diamonds, Rank = jack }
{ Suit = diamonds, Rank = three }
{ Suit = clubs, Rank = eight }
{ Suit = spades, Rank = ace }
{ Suit = spades, Rank = six }
{ Suit = hearts, Rank = jack }
{ Suit = hearts, Rank = three }
{ Suit = diamonds, Rank = eight }
{ Suit = clubs, Rank = king }
{ Suit = clubs, Rank = five }
{ Suit = spades, Rank = jack }
{ Suit = spades, Rank = three }
{ Suit = hearts, Rank = eight }
{ Suit = diamonds, Rank = king }
{ Suit = diamonds, Rank = five }
{ Suit = clubs, Rank = ten }
{ Suit = clubs, Rank = two }
{ Suit = spades, Rank = eight }
{ Suit = hearts, Rank = king }
{ Suit = hearts, Rank = five }
{ Suit = diamonds, Rank = ten }
{ Suit = diamonds, Rank = two }
{ Suit = clubs, Rank = seven }
{ Suit = spades, Rank = king }
{ Suit = spades, Rank = five }
{ Suit = hearts, Rank = ten }
{ Suit = hearts, Rank = two }
{ Suit = diamonds, Rank = seven }
{ Suit = clubs, Rank = queen }
{ Suit = clubs, Rank = four }
{ Suit = spades, Rank = ten }
{ Suit = spades, Rank = two }
{ Suit = hearts, Rank = seven }
{ Suit = diamonds, Rank = queen }
{ Suit = diamonds, Rank = four }
{ Suit = clubs, Rank = nine }

{ Suit = spades, Rank = jack }
{ Suit = spades, Rank = seven }
{ Suit = spades, Rank = three }
{ Suit = hearts, Rank = queen }
{ Suit = hearts, Rank = eight }
{ Suit = hearts, Rank = four }
{ Suit = diamonds, Rank = king }
{ Suit = diamonds, Rank = nine }
{ Suit = diamonds, Rank = five }
{ Suit = clubs, Rank = ace }
{ Suit = clubs, Rank = ten }
{ Suit = clubs, Rank = six }
{ Suit = clubs, Rank = two }
{ Suit = spades, Rank = queen }
{ Suit = spades, Rank = eight }
{ Suit = spades, Rank = four }
{ Suit = hearts, Rank = king }
{ Suit = hearts, Rank = nine }
{ Suit = hearts, Rank = five }
{ Suit = diamonds, Rank = ace }
{ Suit = diamonds, Rank = ten }
{ Suit = diamonds, Rank = six }
{ Suit = diamonds, Rank = two }
{ Suit = clubs, Rank = jack }
{ Suit = clubs, Rank = seven }
{ Suit = clubs, Rank = three }
{ Suit = spades, Rank = king }
{ Suit = spades, Rank = nine }
{ Suit = spades, Rank = five }
{ Suit = hearts, Rank = ace }
{ Suit = hearts, Rank = ten }
{ Suit = hearts, Rank = six }
{ Suit = hearts, Rank = two }
{ Suit = diamonds, Rank = jack }
{ Suit = diamonds, Rank = seven }
{ Suit = diamonds, Rank = three }
{ Suit = clubs, Rank = queen }
{ Suit = clubs, Rank = eight }
{ Suit = clubs, Rank = four }
{ Suit = spades, Rank = ace }
{ Suit = spades, Rank = ten }
{ Suit = spades, Rank = six }
{ Suit = spades, Rank = two }
{ Suit = hearts, Rank = jack }
{ Suit = hearts, Rank = seven }
{ Suit = hearts, Rank = three }
{ Suit = diamonds, Rank = queen }
{ Suit = diamonds, Rank = eight }
{ Suit = diamonds, Rank = four }
{ Suit = clubs, Rank = king }
{ Suit = clubs, Rank = nine }
{ Suit = clubs, Rank = five }

{ Suit = spades, Rank = king }
{ Suit = spades, Rank = jack }
{ Suit = spades, Rank = nine }
{ Suit = spades, Rank = seven }
{ Suit = spades, Rank = five }
{ Suit = spades, Rank = three }
{ Suit = hearts, Rank = ace }
{ Suit = hearts, Rank = queen }
{ Suit = hearts, Rank = ten }
{ Suit = hearts, Rank = eight }
{ Suit = hearts, Rank = six }
{ Suit = hearts, Rank = four }
{ Suit = hearts, Rank = two }
{ Suit = diamonds, Rank = king }
{ Suit = diamonds, Rank = jack }
{ Suit = diamonds, Rank = nine }
{ Suit = diamonds, Rank = seven }
{ Suit = diamonds, Rank = five }
{ Suit = diamonds, Rank = three }
{ Suit = clubs, Rank = ace }
{ Suit = clubs, Rank = queen }
{ Suit = clubs, Rank = ten }
{ Suit = clubs, Rank = eight }
{ Suit = clubs, Rank = six }
{ Suit = clubs, Rank = four }
{ Suit = clubs, Rank = two }
{ Suit = spades, Rank = ace }
{ Suit = spades, Rank = queen }
{ Suit = spades, Rank = ten }
{ Suit = spades, Rank = eight }
{ Suit = spades, Rank = six }
{ Suit = spades, Rank = four }
{ Suit = spades, Rank = two }
{ Suit = hearts, Rank = king }
{ Suit = hearts, Rank = jack }
{ Suit = hearts, Rank = nine }
{ Suit = hearts, Rank = seven }
{ Suit = hearts, Rank = five }
{ Suit = hearts, Rank = three }
{ Suit = diamonds, Rank = ace }
{ Suit = diamonds, Rank = queen }
{ Suit = diamonds, Rank = ten }
{ Suit = diamonds, Rank = eight }
{ Suit = diamonds, Rank = six }
{ Suit = diamonds, Rank = four }
{ Suit = diamonds, Rank = two }
{ Suit = clubs, Rank = king }
{ Suit = clubs, Rank = jack }
{ Suit = clubs, Rank = nine }
{ Suit = clubs, Rank = seven }
{ Suit = clubs, Rank = five }
{ Suit = clubs, Rank = three }

{ Suit = spades, Rank = ace }
{ Suit = spades, Rank = king }
{ Suit = spades, Rank = queen }
{ Suit = spades, Rank = jack }
{ Suit = spades, Rank = ten }
{ Suit = spades, Rank = nine }
{ Suit = spades, Rank = eight }
{ Suit = spades, Rank = seven }
{ Suit = spades, Rank = six }
{ Suit = spades, Rank = five }
{ Suit = spades, Rank = four }
{ Suit = spades, Rank = three }
{ Suit = spades, Rank = two }
{ Suit = hearts, Rank = ace }
{ Suit = hearts, Rank = king }
{ Suit = hearts, Rank = queen }
{ Suit = hearts, Rank = jack }
{ Suit = hearts, Rank = ten }
{ Suit = hearts, Rank = nine }
{ Suit = hearts, Rank = eight }
{ Suit = hearts, Rank = seven }
{ Suit = hearts, Rank = six }
{ Suit = hearts, Rank = five }
{ Suit = hearts, Rank = four }
{ Suit = hearts, Rank = three }
{ Suit = hearts, Rank = two }
{ Suit = diamonds, Rank = ace }
{ Suit = diamonds, Rank = king }
{ Suit = diamonds, Rank = queen }
{ Suit = diamonds, Rank = jack }
{ Suit = diamonds, Rank = ten }
{ Suit = diamonds, Rank = nine }
{ Suit = diamonds, Rank = eight }
{ Suit = diamonds, Rank = seven }
{ Suit = diamonds, Rank = six }
{ Suit = diamonds, Rank = five }
{ Suit = diamonds, Rank = four }
{ Suit = diamonds, Rank = three }
{ Suit = diamonds, Rank = two }
{ Suit = clubs, Rank = ace }
{ Suit = clubs, Rank = king }
{ Suit = clubs, Rank = queen }
{ Suit = clubs, Rank = jack }
{ Suit = clubs, Rank = ten }
{ Suit = clubs, Rank = nine }
{ Suit = clubs, Rank = eight }
{ Suit = clubs, Rank = seven }
{ Suit = clubs, Rank = six }
{ Suit = clubs, Rank = five }
{ Suit = clubs, Rank = four }
{ Suit = clubs, Rank = three }
{ Suit = clubs, Rank = two }

{ Suit = diamonds, Rank = ace }
{ Suit = spades, Rank = ace }
{ Suit = diamonds, Rank = king }
{ Suit = spades, Rank = king }
{ Suit = diamonds, Rank = queen }
{ Suit = spades, Rank = queen }
{ Suit = diamonds, Rank = jack }
{ Suit = spades, Rank = jack }
{ Suit = diamonds, Rank = ten }
{ Suit = spades, Rank = ten }
{ Suit = diamonds, Rank = nine }
{ Suit = spades, Rank = nine }
{ Suit = diamonds, Rank = eight }
{ Suit = spades, Rank = eight }
{ Suit = diamonds, Rank = seven }
{ Suit = spades, Rank = seven }
{ Suit = diamonds, Rank = six }
{ Suit = spades, Rank = six }
{ Suit = diamonds, Rank = five }
{ Suit = spades, Rank = five }
{ Suit = diamonds, Rank = four }
{ Suit = spades, Rank = four }
{ Suit = diamonds, Rank = three }
{ Suit = spades, Rank = three }
{ Suit = diamonds, Rank = two }
{ Suit = spades, Rank = two }
{ Suit = clubs, Rank = ace }
{ Suit = hearts, Rank = ace }
{ Suit = clubs, Rank = king }
{ Suit = hearts, Rank = king }
{ Suit = clubs, Rank = queen }
{ Suit = hearts, Rank = queen }
{ Suit = clubs, Rank = jack }
{ Suit = hearts, Rank = jack }
{ Suit = clubs, Rank = ten }
{ Suit = hearts, Rank = ten }
{ Suit = clubs, Rank = nine }
{ Suit = hearts, Rank = nine }
{ Suit = clubs, Rank = eight }
{ Suit = hearts, Rank = eight }
{ Suit = clubs, Rank = seven }
{ Suit = hearts, Rank = seven }
{ Suit = clubs, Rank = six }
{ Suit = hearts, Rank = six }
{ Suit = clubs, Rank = five }
{ Suit = hearts, Rank = five }
{ Suit = clubs, Rank = four }
{ Suit = hearts, Rank = four }
{ Suit = clubs, Rank = three }
{ Suit = hearts, Rank = three }
{ Suit = clubs, Rank = two }
{ Suit = hearts, Rank = two }

{ Suit = clubs, Rank = ace }
{ Suit = diamonds, Rank = ace }
{ Suit = hearts, Rank = ace }
{ Suit = spades, Rank = ace }
{ Suit = clubs, Rank = king }
{ Suit = diamonds, Rank = king }
{ Suit = hearts, Rank = king }
{ Suit = spades, Rank = king }
{ Suit = clubs, Rank = queen }
{ Suit = diamonds, Rank = queen }
{ Suit = hearts, Rank = queen }
{ Suit = spades, Rank = queen }
{ Suit = clubs, Rank = jack }
{ Suit = diamonds, Rank = jack }
{ Suit = hearts, Rank = jack }
{ Suit = spades, Rank = jack }
{ Suit = clubs, Rank = ten }
{ Suit = diamonds, Rank = ten }
{ Suit = hearts, Rank = ten }
{ Suit = spades, Rank = ten }
{ Suit = clubs, Rank = nine }
{ Suit = diamonds, Rank = nine }
{ Suit = hearts, Rank = nine }
{ Suit = spades, Rank = nine }
{ Suit = clubs, Rank = eight }
{ Suit = diamonds, Rank = eight }
{ Suit = hearts, Rank = eight }
{ Suit = spades, Rank = eight }
{ Suit = clubs, Rank = seven }
{ Suit = diamonds, Rank = seven }
{ Suit = hearts, Rank = seven }
{ Suit = spades, Rank = seven }
{ Suit = clubs, Rank = six }
{ Suit = diamonds, Rank = six }
{ Suit = hearts, Rank = six }
{ Suit = spades, Rank = six }
{ Suit = clubs, Rank = five }
{ Suit = diamonds, Rank = five }
{ Suit = hearts, Rank = five }
{ Suit = spades, Rank = five }
{ Suit = clubs, Rank = four }
{ Suit = diamonds, Rank = four }
{ Suit = hearts, Rank = four }
{ Suit = spades, Rank = four }
{ Suit = clubs, Rank = three }
{ Suit = diamonds, Rank = three }
{ Suit = hearts, Rank = three }
{ Suit = spades, Rank = three }
{ Suit = clubs, Rank = two }
{ Suit = diamonds, Rank = two }
{ Suit = hearts, Rank = two }
{ Suit = spades, Rank = two }

{ Suit = hearts, Rank = eight }
{ Suit = clubs, Rank = ace }
{ Suit = spades, Rank = eight }
{ Suit = diamonds, Rank = ace }
{ Suit = clubs, Rank = seven }
{ Suit = hearts, Rank = ace }
{ Suit = diamonds, Rank = seven }
{ Suit = spades, Rank = ace }
{ Suit = hearts, Rank = seven }
{ Suit = clubs, Rank = king }
{ Suit = spades, Rank = seven }
{ Suit = diamonds, Rank = king }
{ Suit = clubs, Rank = six }
{ Suit = hearts, Rank = king }
{ Suit = diamonds, Rank = six }
{ Suit = spades, Rank = king }
{ Suit = hearts, Rank = six }
{ Suit = clubs, Rank = queen }
{ Suit = spades, Rank = six }
{ Suit = diamonds, Rank = queen }
{ Suit = clubs, Rank = five }
{ Suit = hearts, Rank = queen }
{ Suit = diamonds, Rank = five }
{ Suit = spades, Rank = queen }
{ Suit = hearts, Rank = five }
{ Suit = clubs, Rank = jack }
{ Suit = spades, Rank = five }
{ Suit = diamonds, Rank = jack }
{ Suit = clubs, Rank = four }
{ Suit = hearts, Rank = jack }
{ Suit = diamonds, Rank = four }
{ Suit = spades, Rank = jack }
{ Suit = hearts, Rank = four }
{ Suit = clubs, Rank = ten }
{ Suit = spades, Rank = four }
{ Suit = diamonds, Rank = ten }
{ Suit = clubs, Rank = three }
{ Suit = hearts, Rank = ten }
{ Suit = diamonds, Rank = three }
{ Suit = spades, Rank = ten }
{ Suit = hearts, Rank = three }
{ Suit = clubs, Rank = nine }
{ Suit = spades, Rank = three }
{ Suit = diamonds, Rank = nine }
{ Suit = clubs, Rank = two }
{ Suit = hearts, Rank = nine }
{ Suit = diamonds, Rank = two }
{ Suit = spades, Rank = nine }
{ Suit = hearts, Rank = two }
{ Suit = clubs, Rank = eight }
{ Suit = spades, Rank = two }
{ Suit = diamonds, Rank = eight }

{ Suit = spades, Rank = five }
{ Suit = hearts, Rank = eight }
{ Suit = diamonds, Rank = jack }
{ Suit = clubs, Rank = ace }
{ Suit = clubs, Rank = four }
{ Suit = spades, Rank = eight }
{ Suit = hearts, Rank = jack }
{ Suit = diamonds, Rank = ace }
{ Suit = diamonds, Rank = four }
{ Suit = clubs, Rank = seven }
{ Suit = spades, Rank = jack }
{ Suit = hearts, Rank = ace }
{ Suit = hearts, Rank = four }
{ Suit = diamonds, Rank = seven }
{ Suit = clubs, Rank = ten }
{ Suit = spades, Rank = ace }
{ Suit = spades, Rank = four }
{ Suit = hearts, Rank = seven }
{ Suit = diamonds, Rank = ten }
{ Suit = clubs, Rank = king }
{ Suit = clubs, Rank = three }
{ Suit = spades, Rank = seven }
{ Suit = hearts, Rank = ten }
{ Suit = diamonds, Rank = king }
{ Suit = diamonds, Rank = three }
{ Suit = clubs, Rank = six }
{ Suit = spades, Rank = ten }
{ Suit = hearts, Rank = king }
{ Suit = hearts, Rank = three }
{ Suit = diamonds, Rank = six }
{ Suit = clubs, Rank = nine }
{ Suit = spades, Rank = king }
{ Suit = spades, Rank = three }
{ Suit = hearts, Rank = six }
{ Suit = diamonds, Rank = nine }
{ Suit = clubs, Rank = queen }
{ Suit = clubs, Rank = two }
{ Suit = spades, Rank = six }
{ Suit = hearts, Rank = nine }
{ Suit = diamonds, Rank = queen }
{ Suit = diamonds, Rank = two }
{ Suit = clubs, Rank = five }
{ Suit = spades, Rank = nine }
{ Suit = hearts, Rank = queen }
{ Suit = hearts, Rank = two }
{ Suit = diamonds, Rank = five }
{ Suit = clubs, Rank = eight }
{ Suit = spades, Rank = queen }
{ Suit = spades, Rank = two }
{ Suit = hearts, Rank = five }
{ Suit = diamonds, Rank = eight }
{ Suit = clubs, Rank = jack }

{ Suit = spades, Rank = ten }
{ Suit = spades, Rank = five }
{ Suit = hearts, Rank = king }
{ Suit = hearts, Rank = eight }
{ Suit = hearts, Rank = three }
{ Suit = diamonds, Rank = jack }
{ Suit = diamonds, Rank = six }
{ Suit = clubs, Rank = ace }
{ Suit = clubs, Rank = nine }
{ Suit = clubs, Rank = four }
{ Suit = spades, Rank = king }
{ Suit = spades, Rank = eight }
{ Suit = spades, Rank = three }
{ Suit = hearts, Rank = jack }
{ Suit = hearts, Rank = six }
{ Suit = diamonds, Rank = ace }
{ Suit = diamonds, Rank = nine }
{ Suit = diamonds, Rank = four }
{ Suit = clubs, Rank = queen }
{ Suit = clubs, Rank = seven }
{ Suit = clubs, Rank = two }
{ Suit = spades, Rank = jack }
{ Suit = spades, Rank = six }
{ Suit = hearts, Rank = ace }
{ Suit = hearts, Rank = nine }
{ Suit = hearts, Rank = four }
{ Suit = diamonds, Rank = queen }
{ Suit = diamonds, Rank = seven }
{ Suit = diamonds, Rank = two }
{ Suit = clubs, Rank = ten }
{ Suit = clubs, Rank = five }
{ Suit = spades, Rank = ace }
{ Suit = spades, Rank = nine }
{ Suit = spades, Rank = four }
{ Suit = hearts, Rank = queen }
{ Suit = hearts, Rank = seven }
{ Suit = hearts, Rank = two }
{ Suit = diamonds, Rank = ten }
{ Suit = diamonds, Rank = five }
{ Suit = clubs, Rank = king }
{ Suit = clubs, Rank = eight }
{ Suit = clubs, Rank = three }
{ Suit = spades, Rank = queen }
{ Suit = spades, Rank = seven }
{ Suit = spades, Rank = two }
{ Suit = hearts, Rank = ten }
{ Suit = hearts, Rank = five }
{ Suit = diamonds, Rank = king }
{ Suit = diamonds, Rank = eight }
{ Suit = diamonds, Rank = three }
{ Suit = clubs, Rank = jack }
{ Suit = clubs, Rank = six }

{ Suit = diamonds, Rank = queen }
{ Suit = spades, Rank = ten }
{ Suit = diamonds, Rank = seven }
{ Suit = spades, Rank = five }
{ Suit = diamonds, Rank = two }
{ Suit = hearts, Rank = king }
{ Suit = clubs, Rank = ten }
{ Suit = hearts, Rank = eight }
{ Suit = clubs, Rank = five }
{ Suit = hearts, Rank = three }
{ Suit = spades, Rank = ace }
{ Suit = diamonds, Rank = jack }
{ Suit = spades, Rank = nine }
{ Suit = diamonds, Rank = six }
{ Suit = spades, Rank = four }
{ Suit = clubs, Rank = ace }
{ Suit = hearts, Rank = queen }
{ Suit = clubs, Rank = nine }
{ Suit = hearts, Rank = seven }
{ Suit = clubs, Rank = four }
{ Suit = hearts, Rank = two }
{ Suit = spades, Rank = king }
{ Suit = diamonds, Rank = ten }
{ Suit = spades, Rank = eight }
{ Suit = diamonds, Rank = five }
{ Suit = spades, Rank = three }
{ Suit = clubs, Rank = king }
{ Suit = hearts, Rank = jack }
{ Suit = clubs, Rank = eight }
{ Suit = hearts, Rank = six }
{ Suit = clubs, Rank = three }
{ Suit = diamonds, Rank = ace }
{ Suit = spades, Rank = queen }
{ Suit = diamonds, Rank = nine }
{ Suit = spades, Rank = seven }
{ Suit = diamonds, Rank = four }
{ Suit = spades, Rank = two }
{ Suit = clubs, Rank = queen }
{ Suit = hearts, Rank = ten }
{ Suit = clubs, Rank = seven }
{ Suit = hearts, Rank = five }
{ Suit = clubs, Rank = two }
{ Suit = diamonds, Rank = king }
{ Suit = spades, Rank = jack }
{ Suit = diamonds, Rank = eight }
{ Suit = spades, Rank = six }
{ Suit = diamonds, Rank = three }
{ Suit = hearts, Rank = ace }
{ Suit = clubs, Rank = jack }
{ Suit = hearts, Rank = nine }
{ Suit = clubs, Rank = six }
{ Suit = hearts, Rank = four }

{ Suit = clubs, Rank = king }
{ Suit = diamonds, Rank = queen }
{ Suit = hearts, Rank = jack }
{ Suit = spades, Rank = ten }
{ Suit = clubs, Rank = eight }
{ Suit = diamonds, Rank = seven }
{ Suit = hearts, Rank = six }
{ Suit = spades, Rank = five }
{ Suit = clubs, Rank = three }
{ Suit = diamonds, Rank = two }
{ Suit = diamonds, Rank = ace }
{ Suit = hearts, Rank = king }
{ Suit = spades, Rank = queen }
{ Suit = clubs, Rank = ten }
{ Suit = diamonds, Rank = nine }
{ Suit = hearts, Rank = eight }
{ Suit = spades, Rank = seven }
{ Suit = clubs, Rank = five }
{ Suit = diamonds, Rank = four }
{ Suit = hearts, Rank = three }
{ Suit = spades, Rank = two }
{ Suit = spades, Rank = ace }
{ Suit = clubs, Rank = queen }
{ Suit = diamonds, Rank = jack }
{ Suit = hearts, Rank = ten }
{ Suit = spades, Rank = nine }
{ Suit = clubs, Rank = seven }
{ Suit = diamonds, Rank = six }
{ Suit = hearts, Rank = five }
{ Suit = spades, Rank = four }
{ Suit = clubs, Rank = two }
{ Suit = clubs, Rank = ace }
{ Suit = diamonds, Rank = king }
{ Suit = hearts, Rank = queen }
{ Suit = spades, Rank = jack }
{ Suit = clubs, Rank = nine }
{ Suit = diamonds, Rank = eight }
{ Suit = hearts, Rank = seven }
{ Suit = spades, Rank = six }
{ Suit = clubs, Rank = four }
{ Suit = diamonds, Rank = three }
{ Suit = hearts, Rank = two }
{ Suit = hearts, Rank = ace }
{ Suit = spades, Rank = king }
{ Suit = clubs, Rank = jack }
{ Suit = diamonds, Rank = ten }
{ Suit = hearts, Rank = nine }
{ Suit = spades, Rank = eight }
{ Suit = clubs, Rank = six }
{ Suit = diamonds, Rank = five }
{ Suit = hearts, Rank = four }
{ Suit = spades, Rank = three }

{ Suit = clubs, Rank = seven }
{ Suit = clubs, Rank = king }
{ Suit = diamonds, Rank = six }
{ Suit = diamonds, Rank = queen }
{ Suit = hearts, Rank = five }
{ Suit = hearts, Rank = jack }
{ Suit = spades, Rank = four }
{ Suit = spades, Rank = ten }
{ Suit = clubs, Rank = two }
{ Suit = clubs, Rank = eight }
{ Suit = clubs, Rank = ace }
{ Suit = diamonds, Rank = seven }
{ Suit = diamonds, Rank = king }
{ Suit = hearts, Rank = six }
{ Suit = hearts, Rank = queen }
{ Suit = spades, Rank = five }
{ Suit = spades, Rank = jack }
{ Suit = clubs, Rank = three }
{ Suit = clubs, Rank = nine }
{ Suit = diamonds, Rank = two }
{ Suit = diamonds, Rank = eight }
{ Suit = diamonds, Rank = ace }
{ Suit = hearts, Rank = seven }
{ Suit = hearts, Rank = king }
{ Suit = spades, Rank = six }
{ Suit = spades, Rank = queen }
{ Suit = clubs, Rank = four }
{ Suit = clubs, Rank = ten }
{ Suit = diamonds, Rank = three }
{ Suit = diamonds, Rank = nine }
{ Suit = hearts, Rank = two }
{ Suit = hearts, Rank = eight }
{ Suit = hearts, Rank = ace }
{ Suit = spades, Rank = seven }
{ Suit = spades, Rank = king }
{ Suit = clubs, Rank = five }
{ Suit = clubs, Rank = jack }
{ Suit = diamonds, Rank = four }
{ Suit = diamonds, Rank = ten }
{ Suit = hearts, Rank = three }
{ Suit = hearts, Rank = nine }
{ Suit = spades, Rank = two }
{ Suit = spades, Rank = eight }
{ Suit = spades, Rank = ace }
{ Suit = clubs, Rank = six }
{ Suit = clubs, Rank = queen }
{ Suit = diamonds, Rank = five }
{ Suit = diamonds, Rank = jack }
{ Suit = hearts, Rank = four }
{ Suit = hearts, Rank = ten }
{ Suit = spades, Rank = three }
{ Suit = spades, Rank = nine }

{ Suit = clubs, Rank = four }
{ Suit = clubs, Rank = seven }
{ Suit = clubs, Rank = ten }
{ Suit = clubs, Rank = king }
{ Suit = diamonds, Rank = three }
{ Suit = diamonds, Rank = six }
{ Suit = diamonds, Rank = nine }
{ Suit = diamonds, Rank = queen }
{ Suit = hearts, Rank = two }
{ Suit = hearts, Rank = five }
{ Suit = hearts, Rank = eight }
{ Suit = hearts, Rank = jack }
{ Suit = hearts, Rank = ace }
{ Suit = spades, Rank = four }
{ Suit = spades, Rank = seven }
{ Suit = spades, Rank = ten }
{ Suit = spades, Rank = king }
{ Suit = clubs, Rank = two }
{ Suit = clubs, Rank = five }
{ Suit = clubs, Rank = eight }
{ Suit = clubs, Rank = jack }
{ Suit = clubs, Rank = ace }
{ Suit = diamonds, Rank = four }
{ Suit = diamonds, Rank = seven }
{ Suit = diamonds, Rank = ten }
{ Suit = diamonds, Rank = king }
{ Suit = hearts, Rank = three }
{ Suit = hearts, Rank = six }
{ Suit = hearts, Rank = nine }
{ Suit = hearts, Rank = queen }
{ Suit = spades, Rank = two }
{ Suit = spades, Rank = five }
{ Suit = spades, Rank = eight }
{ Suit = spades, Rank = jack }
{ Suit = spades, Rank = ace }
{ Suit = clubs, Rank = three }
{ Suit = clubs, Rank = six }
{ Suit = clubs, Rank = nine }
{ Suit = clubs, Rank = queen }
{ Suit = diamonds, Rank = two }
{ Suit = diamonds, Rank = five }
{ Suit = diamonds, Rank = eight }
{ Suit = diamonds, Rank = jack }
{ Suit = diamonds, Rank = ace }
{ Suit = hearts, Rank = four }
{ Suit = hearts, Rank = seven }
{ Suit = hearts, Rank = ten }
{ Suit = hearts, Rank = king }
{ Suit = spades, Rank = three }
{ Suit = spades, Rank = six }
{ Suit = spades, Rank = nine }
{ Suit = spades, Rank = queen }

{ Suit = hearts, Rank = three }
{ Suit = clubs, Rank = four }
{ Suit = hearts, Rank = six }
{ Suit = clubs, Rank = seven }
{ Suit = hearts, Rank = nine }
{ Suit = clubs, Rank = ten }
{ Suit = hearts, Rank = queen }
{ Suit = clubs, Rank = king }
{ Suit = spades, Rank = two }
{ Suit = diamonds, Rank = three }
{ Suit = spades, Rank = five }
{ Suit = diamonds, Rank = six }
{ Suit = spades, Rank = eight }
{ Suit = diamonds, Rank = nine }
{ Suit = spades, Rank = jack }
{ Suit = diamonds, Rank = queen }
{ Suit = spades, Rank = ace }
{ Suit = hearts, Rank = two }
{ Suit = clubs, Rank = three }
{ Suit = hearts, Rank = five }
{ Suit = clubs, Rank = six }
{ Suit = hearts, Rank = eight }
{ Suit = clubs, Rank = nine }
{ Suit = hearts, Rank = jack }
{ Suit = clubs, Rank = queen }
{ Suit = hearts, Rank = ace }
{ Suit = diamonds, Rank = two }
{ Suit = spades, Rank = four }
{ Suit = diamonds, Rank = five }
{ Suit = spades, Rank = seven }
{ Suit = diamonds, Rank = eight }
{ Suit = spades, Rank = ten }
{ Suit = diamonds, Rank = jack }
{ Suit = spades, Rank = king }
{ Suit = diamonds, Rank = ace }
{ Suit = clubs, Rank = two }
{ Suit = hearts, Rank = four }
{ Suit = clubs, Rank = five }
{ Suit = hearts, Rank = seven }
{ Suit = clubs, Rank = eight }
{ Suit = hearts, Rank = ten }
{ Suit = clubs, Rank = jack }
{ Suit = hearts, Rank = king }
{ Suit = clubs, Rank = ace }
{ Suit = spades, Rank = three }
{ Suit = diamonds, Rank = four }
{ Suit = spades, Rank = six }
{ Suit = diamonds, Rank = seven }
{ Suit = spades, Rank = nine }
{ Suit = diamonds, Rank = ten }
{ Suit = spades, Rank = queen }
{ Suit = diamonds, Rank = king }

{ Suit = diamonds, Rank = two }
{ Suit = hearts, Rank = three }
{ Suit = spades, Rank = four }
{ Suit = clubs, Rank = four }
{ Suit = diamonds, Rank = five }
{ Suit = hearts, Rank = six }
{ Suit = spades, Rank = seven }
{ Suit = clubs, Rank = seven }
{ Suit = diamonds, Rank = eight }
{ Suit = hearts, Rank = nine }
{ Suit = spades, Rank = ten }
{ Suit = clubs, Rank = ten }
{ Suit = diamonds, Rank = jack }
{ Suit = hearts, Rank = queen }
{ Suit = spades, Rank = king }
{ Suit = clubs, Rank = king }
{ Suit = diamonds, Rank = ace }
{ Suit = spades, Rank = two }
{ Suit = clubs, Rank = two }
{ Suit = diamonds, Rank = three }
{ Suit = hearts, Rank = four }
{ Suit = spades, Rank = five }
{ Suit = clubs, Rank = five }
{ Suit = diamonds, Rank = six }
{ Suit = hearts, Rank = seven }
{ Suit = spades, Rank = eight }
{ Suit = clubs, Rank = eight }
{ Suit = diamonds, Rank = nine }
{ Suit = hearts, Rank = ten }
{ Suit = spades, Rank = jack }
{ Suit = clubs, Rank = jack }
{ Suit = diamonds, Rank = queen }
{ Suit = hearts, Rank = king }
{ Suit = spades, Rank = ace }
{ Suit = clubs, Rank = ace }
{ Suit = hearts, Rank = two }
{ Suit = spades, Rank = three }
{ Suit = clubs, Rank = three }
{ Suit = diamonds, Rank = four }
{ Suit = hearts, Rank = five }
{ Suit = spades, Rank = six }
{ Suit = clubs, Rank = six }
{ Suit = diamonds, Rank = seven }
{ Suit = hearts, Rank = eight }
{ Suit = spades, Rank = nine }
{ Suit = clubs, Rank = nine }
{ Suit = diamonds, Rank = ten }
{ Suit = hearts, Rank = jack }
{ Suit = spades, Rank = queen }
{ Suit = clubs, Rank = queen }
{ Suit = diamonds, Rank = king }
{ Suit = hearts, Rank = ace }

{ Suit = clubs, Rank = eight }
{ Suit = diamonds, Rank = two }
{ Suit = diamonds, Rank = nine }
{ Suit = hearts, Rank = three }
{ Suit = hearts, Rank = ten }
{ Suit = spades, Rank = four }
{ Suit = spades, Rank = jack }
{ Suit = clubs, Rank = four }
{ Suit = clubs, Rank = jack }
{ Suit = diamonds, Rank = five }
{ Suit = diamonds, Rank = queen }
{ Suit = hearts, Rank = six }
{ Suit = hearts, Rank = king }
{ Suit = spades, Rank = seven }
{ Suit = spades, Rank = ace }
{ Suit = clubs, Rank = seven }
{ Suit = clubs, Rank = ace }
{ Suit = diamonds, Rank = eight }
{ Suit = hearts, Rank = two }
{ Suit = hearts, Rank = nine }
{ Suit = spades, Rank = three }
{ Suit = spades, Rank = ten }
{ Suit = clubs, Rank = three }
{ Suit = clubs, Rank = ten }
{ Suit = diamonds, Rank = four }
{ Suit = diamonds, Rank = jack }
{ Suit = hearts, Rank = five }
{ Suit = hearts, Rank = queen }
{ Suit = spades, Rank = six }
{ Suit = spades, Rank = king }
{ Suit = clubs, Rank = six }
{ Suit = clubs, Rank = king }
{ Suit = diamonds, Rank = seven }
{ Suit = diamonds, Rank = ace }
{ Suit = hearts, Rank = eight }
{ Suit = spades, Rank = two }
{ Suit = spades, Rank = nine }
{ Suit = clubs, Rank = two }
{ Suit = clubs, Rank = nine }
{ Suit = diamonds, Rank = three }
{ Suit = diamonds, Rank = ten }
{ Suit = hearts, Rank = four }
{ Suit = hearts, Rank = jack }
{ Suit = spades, Rank = five }
{ Suit = spades, Rank = queen }
{ Suit = clubs, Rank = five }
{ Suit = clubs, Rank = queen }
{ Suit = diamonds, Rank = six }
{ Suit = diamonds, Rank = king }
{ Suit = hearts, Rank = seven }
{ Suit = hearts, Rank = ace }
{ Suit = spades, Rank = eight }

{ Suit = hearts, Rank = five }
{ Suit = clubs, Rank = eight }
{ Suit = hearts, Rank = queen }
{ Suit = diamonds, Rank = two }
{ Suit = spades, Rank = six }
{ Suit = diamonds, Rank = nine }
{ Suit = spades, Rank = king }
{ Suit = hearts, Rank = three }
{ Suit = clubs, Rank = six }
{ Suit = hearts, Rank = ten }
{ Suit = clubs, Rank = king }
{ Suit = spades, Rank = four }
{ Suit = diamonds, Rank = seven }
{ Suit = spades, Rank = jack }
{ Suit = diamonds, Rank = ace }
{ Suit = clubs, Rank = four }
{ Suit = hearts, Rank = eight }
{ Suit = clubs, Rank = jack }
{ Suit = spades, Rank = two }
{ Suit = diamonds, Rank = five }
{ Suit = spades, Rank = nine }
{ Suit = diamonds, Rank = queen }
{ Suit = clubs, Rank = two }
{ Suit = hearts, Rank = six }
{ Suit = clubs, Rank = nine }
{ Suit = hearts, Rank = king }
{ Suit = diamonds, Rank = three }
{ Suit = spades, Rank = seven }
{ Suit = diamonds, Rank = ten }
{ Suit = spades, Rank = ace }
{ Suit = hearts, Rank = four }
{ Suit = clubs, Rank = seven }
{ Suit = hearts, Rank = jack }
{ Suit = clubs, Rank = ace }
{ Suit = spades, Rank = five }
{ Suit = diamonds, Rank = eight }
{ Suit = spades, Rank = queen }
{ Suit = hearts, Rank = two }
{ Suit = clubs, Rank = five }
{ Suit = hearts, Rank = nine }
{ Suit = clubs, Rank = queen }
{ Suit = spades, Rank = three }
{ Suit = diamonds, Rank = six }
{ Suit = spades, Rank = ten }
{ Suit = diamonds, Rank = king }
{ Suit = clubs, Rank = three }
{ Suit = hearts, Rank = seven }
{ Suit = clubs, Rank = ten }
{ Suit = hearts, Rank = ace }
{ Suit = diamonds, Rank = four }
{ Suit = spades, Rank = eight }
{ Suit = diamonds, Rank = jack }

{ Suit = diamonds, Rank = three }
{ Suit = hearts, Rank = five }
{ Suit = spades, Rank = seven }
{ Suit = clubs, Rank = eight }
{ Suit = diamonds, Rank = ten }
{ Suit = hearts, Rank = queen }
{ Suit = spades, Rank = ace }
{ Suit = diamonds, Rank = two }
{ Suit = hearts, Rank = four }
{ Suit = spades, Rank = six }
{ Suit = clubs, Rank = seven }
{ Suit = diamonds, Rank = nine }
{ Suit = hearts, Rank = jack }
{ Suit = spades, Rank = king }
{ Suit = clubs, Rank = ace }
{ Suit = hearts, Rank = three }
{ Suit = spades, Rank = five }
{ Suit = clubs, Rank = six }
{ Suit = diamonds, Rank = eight }
{ Suit = hearts, Rank = ten }
{ Suit = spades, Rank = queen }
{ Suit = clubs, Rank = king }
{ Suit = hearts, Rank = two }
{ Suit = spades, Rank = four }
{ Suit = clubs, Rank = five }
{ Suit = diamonds, Rank = seven }
{ Suit = hearts, Rank = nine }
{ Suit = spades, Rank = jack }
{ Suit = clubs, Rank = queen }
{ Suit = diamonds, Rank = ace }
{ Suit = spades, Rank = three }
{ Suit = clubs, Rank = four }
{ Suit = diamonds, Rank = six }
{ Suit = hearts, Rank = eight }
{ Suit = spades, Rank = ten }
{ Suit = clubs, Rank = jack }
{ Suit = diamonds, Rank = king }
{ Suit = spades, Rank = two }
{ Suit = clubs, Rank = three }
{ Suit = diamonds, Rank = five }
{ Suit = hearts, Rank = seven }
{ Suit = spades, Rank = nine }
{ Suit = clubs, Rank = ten }
{ Suit = diamonds, Rank = queen }
{ Suit = hearts, Rank = ace }
{ Suit = clubs, Rank = two }
{ Suit = diamonds, Rank = four }
{ Suit = hearts, Rank = six }
{ Suit = spades, Rank = eight }
{ Suit = clubs, Rank = nine }
{ Suit = diamonds, Rank = jack }
{ Suit = hearts, Rank = king }

{ Suit = hearts, Rank = nine }
{ Suit = diamonds, Rank = three }
{ Suit = spades, Rank = jack }
{ Suit = hearts, Rank = five }
{ Suit = clubs, Rank = queen }
{ Suit = spades, Rank = seven }
{ Suit = diamonds, Rank = ace }
{ Suit = clubs, Rank = eight }
{ Suit = spades, Rank = three }
{ Suit = diamonds, Rank = ten }
{ Suit = clubs, Rank = four }
{ Suit = hearts, Rank = queen }
{ Suit = diamonds, Rank = six }
{ Suit = spades, Rank = ace }
{ Suit = hearts, Rank = eight }
{ Suit = diamonds, Rank = two }
{ Suit = spades, Rank = ten }
{ Suit = hearts, Rank = four }
{ Suit = clubs, Rank = jack }
{ Suit = spades, Rank = six }
{ Suit = diamonds, Rank = king }
{ Suit = clubs, Rank = seven }
{ Suit = spades, Rank = two }
{ Suit = diamonds, Rank = nine }
{ Suit = clubs, Rank = three }
{ Suit = hearts, Rank = jack }
{ Suit = diamonds, Rank = five }
{ Suit = spades, Rank = king }
{ Suit = hearts, Rank = seven }
{ Suit = clubs, Rank = ace }
{ Suit = spades, Rank = nine }
{ Suit = hearts, Rank = three }
{ Suit = clubs, Rank = ten }
{ Suit = spades, Rank = five }
{ Suit = diamonds, Rank = queen }
{ Suit = clubs, Rank = six }
{ Suit = hearts, Rank = ace }
{ Suit = diamonds, Rank = eight }
{ Suit = clubs, Rank = two }
{ Suit = hearts, Rank = ten }
{ Suit = diamonds, Rank = four }
{ Suit = spades, Rank = queen }
{ Suit = hearts, Rank = six }
{ Suit = clubs, Rank = king }
{ Suit = spades, Rank = eight }
{ Suit = hearts, Rank = two }
{ Suit = clubs, Rank = nine }
{ Suit = spades, Rank = four }
{ Suit = diamonds, Rank = jack }
{ Suit = clubs, Rank = five }
{ Suit = hearts, Rank = king }
{ Suit = diamonds, Rank = seven }

{ Suit = diamonds, Rank = five }
{ Suit = hearts, Rank = nine }
{ Suit = spades, Rank = king }
{ Suit = diamonds, Rank = three }
{ Suit = hearts, Rank = seven }
{ Suit = spades, Rank = jack }
{ Suit = clubs, Rank = ace }
{ Suit = hearts, Rank = five }
{ Suit = spades, Rank = nine }
{ Suit = clubs, Rank = queen }
{ Suit = hearts, Rank = three }
{ Suit = spades, Rank = seven }
{ Suit = clubs, Rank = ten }
{ Suit = diamonds, Rank = ace }
{ Suit = spades, Rank = five }
{ Suit = clubs, Rank = eight }
{ Suit = diamonds, Rank = queen }
{ Suit = spades, Rank = three }
{ Suit = clubs, Rank = six }
{ Suit = diamonds, Rank = ten }
{ Suit = hearts, Rank = ace }
{ Suit = clubs, Rank = four }
{ Suit = diamonds, Rank = eight }
{ Suit = hearts, Rank = queen }
{ Suit = clubs, Rank = two }
{ Suit = diamonds, Rank = six }
{ Suit = hearts, Rank = ten }
{ Suit = spades, Rank = ace }
{ Suit = diamonds, Rank = four }
{ Suit = hearts, Rank = eight }
{ Suit = spades, Rank = queen }
{ Suit = diamonds, Rank = two }
{ Suit = hearts, Rank = six }
{ Suit = spades, Rank = ten }
{ Suit = clubs, Rank = king }
{ Suit = hearts, Rank = four }
{ Suit = spades, Rank = eight }
{ Suit = clubs, Rank = jack }
{ Suit = hearts, Rank = two }
{ Suit = spades, Rank = six }
{ Suit = clubs, Rank = nine }
{ Suit = diamonds, Rank = king }
{ Suit = spades, Rank = four }
{ Suit = clubs, Rank = seven }
{ Suit = diamonds, Rank = jack }
{ Suit = spades, Rank = two }
{ Suit = clubs, Rank = five }
{ Suit = diamonds, Rank = nine }
{ Suit = hearts, Rank = king }
{ Suit = clubs, Rank = three }
{ Suit = diamonds, Rank = seven }
{ Suit = hearts, Rank = jack }

{ Suit = hearts, Rank = ten }
{ Suit = diamonds, Rank = five }
{ Suit = spades, Rank = ace }
{ Suit = hearts, Rank = nine }
{ Suit = diamonds, Rank = four }
{ Suit = spades, Rank = king }
{ Suit = hearts, Rank = eight }
{ Suit = diamonds, Rank = three }
{ Suit = spades, Rank = queen }
{ Suit = hearts, Rank = seven }
{ Suit = diamonds, Rank = two }
{ Suit = spades, Rank = jack }
{ Suit = hearts, Rank = six }
{ Suit = clubs, Rank = ace }
{ Suit = spades, Rank = ten }
{ Suit = hearts, Rank = five }
{ Suit = clubs, Rank = king }
{ Suit = spades, Rank = nine }
{ Suit = hearts, Rank = four }
{ Suit = clubs, Rank = queen }
{ Suit = spades, Rank = eight }
{ Suit = hearts, Rank = three }
{ Suit = clubs, Rank = jack }
{ Suit = spades, Rank = seven }
{ Suit = hearts, Rank = two }
{ Suit = clubs, Rank = ten }
{ Suit = spades, Rank = six }
{ Suit = diamonds, Rank = ace }
{ Suit = clubs, Rank = nine }
{ Suit = spades, Rank = five }
{ Suit = diamonds, Rank = king }
{ Suit = clubs, Rank = eight }
{ Suit = spades, Rank = four }
{ Suit = diamonds, Rank = queen }
{ Suit = clubs, Rank = seven }
{ Suit = spades, Rank = three }
{ Suit = diamonds, Rank = jack }
{ Suit = clubs, Rank = six }
{ Suit = spades, Rank = two }
{ Suit = diamonds, Rank = ten }
{ Suit = clubs, Rank = five }
{ Suit = hearts, Rank = ace }
{ Suit = diamonds, Rank = nine }
{ Suit = clubs, Rank = four }
{ Suit = hearts, Rank = king }
{ Suit = diamonds, Rank = eight }
{ Suit = clubs, Rank = three }
{ Suit = hearts, Rank = queen }
{ Suit = diamonds, Rank = seven }
{ Suit = clubs, Rank = two }
{ Suit = hearts, Rank = jack }
{ Suit = diamonds, Rank = six }

{ Suit = spades, Rank = six }
{ Suit = hearts, Rank = ten }
{ Suit = diamonds, Rank = ace }
{ Suit = diamonds, Rank = five }
{ Suit = clubs, Rank = nine }
{ Suit = spades, Rank = ace }
{ Suit = spades, Rank = five }
{ Suit = hearts, Rank = nine }
{ Suit = diamonds, Rank = king }
{ Suit = diamonds, Rank = four }
{ Suit = clubs, Rank = eight }
{ Suit = spades, Rank = king }
{ Suit = spades, Rank = four }
{ Suit = hearts, Rank = eight }
{ Suit = diamonds, Rank = queen }
{ Suit = diamonds, Rank = three }
{ Suit = clubs, Rank = seven }
{ Suit = spades, Rank = queen }
{ Suit = spades, Rank = three }
{ Suit = hearts, Rank = seven }
{ Suit = diamonds, Rank = jack }
{ Suit = diamonds, Rank = two }
{ Suit = clubs, Rank = six }
{ Suit = spades, Rank = jack }
{ Suit = spades, Rank = two }
{ Suit = hearts, Rank = six }
{ Suit = diamonds, Rank = ten }
{ Suit = clubs, Rank = ace }
{ Suit = clubs, Rank = five }
{ Suit = spades, Rank = ten }
{ Suit = hearts, Rank = ace }
{ Suit = hearts, Rank = five }
{ Suit = diamonds, Rank = nine }
{ Suit = clubs, Rank = king }
{ Suit = clubs, Rank = four }
{ Suit = spades, Rank = nine }
{ Suit = hearts, Rank = king }
{ Suit = hearts, Rank = four }
{ Suit = diamonds, Rank = eight }
{ Suit = clubs, Rank = queen }
{ Suit = clubs, Rank = three }
{ Suit = spades, Rank = eight }
{ Suit = hearts, Rank = queen }
{ Suit = hearts, Rank = three }
{ Suit = diamonds, Rank = seven }
{ Suit = clubs, Rank = jack }
{ Suit = clubs, Rank = two }
{ Suit = spades, Rank = seven }
{ Suit = hearts, Rank = jack }
{ Suit = hearts, Rank = two }
{ Suit = diamonds, Rank = six }
{ Suit = clubs, Rank = ten }

{ Suit = diamonds, Rank = ten }
{ Suit = spades, Rank = six }
{ Suit = clubs, Rank = ace }
{ Suit = hearts, Rank = ten }
{ Suit = clubs, Rank = five }
{ Suit = diamonds, Rank = ace }
{ Suit = spades, Rank = ten }
{ Suit = diamonds, Rank = five }
{ Suit = hearts, Rank = ace }
{ Suit = clubs, Rank = nine }
{ Suit = hearts, Rank = five }
{ Suit = spades, Rank = ace }
{ Suit = diamonds, Rank = nine }
{ Suit = spades, Rank = five }
{ Suit = clubs, Rank = king }
{ Suit = hearts, Rank = nine }
{ Suit = clubs, Rank = four }
{ Suit = diamonds, Rank = king }
{ Suit = spades, Rank = nine }
{ Suit = diamonds, Rank = four }
{ Suit = hearts, Rank = king }
{ Suit = clubs, Rank = eight }
{ Suit = hearts, Rank = four }
{ Suit = spades, Rank = king }
{ Suit = diamonds, Rank = eight }
{ Suit = spades, Rank = four }
{ Suit = clubs, Rank = queen }
{ Suit = hearts, Rank = eight }
{ Suit = clubs, Rank = three }
{ Suit = diamonds, Rank = queen }
{ Suit = spades, Rank = eight }
{ Suit = diamonds, Rank = three }
{ Suit = hearts, Rank = queen }
{ Suit = clubs, Rank = seven }
{ Suit = hearts, Rank = three }
{ Suit = spades, Rank = queen }
{ Suit = diamonds, Rank = seven }
{ Suit = spades, Rank = three }
{ Suit = clubs, Rank = jack }
{ Suit = hearts, Rank = seven }
{ Suit = clubs, Rank = two }
{ Suit = diamonds, Rank = jack }
{ Suit = spades, Rank = seven }
{ Suit = diamonds, Rank = two }
{ Suit = hearts, Rank = jack }
{ Suit = clubs, Rank = six }
{ Suit = hearts, Rank = two }
{ Suit = spades, Rank = jack }
{ Suit = diamonds, Rank = six }
{ Suit = spades, Rank = two }
{ Suit = clubs, Rank = ten }
{ Suit = hearts, Rank = six }

{ Suit = clubs, Rank = queen }
{ Suit = diamonds, Rank = ten }
{ Suit = hearts, Rank = eight }
{ Suit = spades, Rank = six }
{ Suit = clubs, Rank = three }
{ Suit = clubs, Rank = ace }
{ Suit = diamonds, Rank = queen }
{ Suit = hearts, Rank = ten }
{ Suit = spades, Rank = eight }
{ Suit = clubs, Rank = five }
{ Suit = diamonds, Rank = three }
{ Suit = diamonds, Rank = ace }
{ Suit = hearts, Rank = queen }
{ Suit = spades, Rank = ten }
{ Suit = clubs, Rank = seven }
{ Suit = diamonds, Rank = five }
{ Suit = hearts, Rank = three }
{ Suit = hearts, Rank = ace }
{ Suit = spades, Rank = queen }
{ Suit = clubs, Rank = nine }
{ Suit = diamonds, Rank = seven }
{ Suit = hearts, Rank = five }
{ Suit = spades, Rank = three }
{ Suit = spades, Rank = ace }
{ Suit = clubs, Rank = jack }
{ Suit = diamonds, Rank = nine }
{ Suit = hearts, Rank = seven }
{ Suit = spades, Rank = five }
{ Suit = clubs, Rank = two }
{ Suit = clubs, Rank = king }
{ Suit = diamonds, Rank = jack }
{ Suit = hearts, Rank = nine }
{ Suit = spades, Rank = seven }
{ Suit = clubs, Rank = four }
{ Suit = diamonds, Rank = two }
{ Suit = diamonds, Rank = king }
{ Suit = hearts, Rank = jack }
{ Suit = spades, Rank = nine }
{ Suit = clubs, Rank = six }
{ Suit = diamonds, Rank = four }
{ Suit = hearts, Rank = two }
{ Suit = hearts, Rank = king }
{ Suit = spades, Rank = jack }
{ Suit = clubs, Rank = eight }
{ Suit = diamonds, Rank = six }
{ Suit = hearts, Rank = four }
{ Suit = spades, Rank = two }
{ Suit = spades, Rank = king }
{ Suit = clubs, Rank = ten }
{ Suit = diamonds, Rank = eight }
{ Suit = hearts, Rank = six }
{ Suit = spades, Rank = four }

{ Suit = hearts, Rank = seven }
{ Suit = clubs, Rank = queen }
{ Suit = spades, Rank = five }
{ Suit = diamonds, Rank = ten }
{ Suit = clubs, Rank = two }
{ Suit = hearts, Rank = eight }
{ Suit = clubs, Rank = king }
{ Suit = spades, Rank = six }
{ Suit = diamonds, Rank = jack }
{ Suit = clubs, Rank = three }
{ Suit = hearts, Rank = nine }
{ Suit = clubs, Rank = ace }
{ Suit = spades, Rank = seven }
{ Suit = diamonds, Rank = queen }
{ Suit = clubs, Rank = four }
{ Suit = hearts, Rank = ten }
{ Suit = diamonds, Rank = two }
{ Suit = spades, Rank = eight }
{ Suit = diamonds, Rank = king }
{ Suit = clubs, Rank = five }
{ Suit = hearts, Rank = jack }
{ Suit = diamonds, Rank = three }
{ Suit = spades, Rank = nine }
{ Suit = diamonds, Rank = ace }
{ Suit = clubs, Rank = six }
{ Suit = hearts, Rank = queen }
{ Suit = diamonds, Rank = four }
{ Suit = spades, Rank = ten }
{ Suit = hearts, Rank = two }
{ Suit = clubs, Rank = seven }
{ Suit = hearts, Rank = king }
{ Suit = diamonds, Rank = five }
{ Suit = spades, Rank = jack }
{ Suit = hearts, Rank = three }
{ Suit = clubs, Rank = eight }
{ Suit = hearts, Rank = ace }
{ Suit = diamonds, Rank = six }
{ Suit = spades, Rank = queen }
{ Suit = hearts, Rank = four }
{ Suit = clubs, Rank = nine }
{ Suit = spades, Rank = two }
{ Suit = diamonds, Rank = seven }
{ Suit = spades, Rank = king }
{ Suit = hearts, Rank = five }
{ Suit = clubs, Rank = ten }
{ Suit = spades, Rank = three }
{ Suit = diamonds, Rank = eight }
{ Suit = spades, Rank = ace }
{ Suit = hearts, Rank = six }
{ Suit = clubs, Rank = jack }
{ Suit = spades, Rank = four }
{ Suit = diamonds, Rank = nine }

{ Suit = diamonds, Rank = four }
{ Suit = hearts, Rank = seven }
{ Suit = spades, Rank = ten }
{ Suit = clubs, Rank = queen }
{ Suit = hearts, Rank = two }
{ Suit = spades, Rank = five }
{ Suit = clubs, Rank = seven }
{ Suit = diamonds, Rank = ten }
{ Suit = hearts, Rank = king }
{ Suit = clubs, Rank = two }
{ Suit = diamonds, Rank = five }
{ Suit = hearts, Rank = eight }
{ Suit = spades, Rank = jack }
{ Suit = clubs, Rank = king }
{ Suit = hearts, Rank = three }
{ Suit = spades, Rank = six }
{ Suit = clubs, Rank = eight }
{ Suit = diamonds, Rank = jack }
{ Suit = hearts, Rank = ace }
{ Suit = clubs, Rank = three }
{ Suit = diamonds, Rank = six }
{ Suit = hearts, Rank = nine }
{ Suit = spades, Rank = queen }
{ Suit = clubs, Rank = ace }
{ Suit = hearts, Rank = four }
{ Suit = spades, Rank = seven }
{ Suit = clubs, Rank = nine }
{ Suit = diamonds, Rank = queen }
{ Suit = spades, Rank = two }
{ Suit = clubs, Rank = four }
{ Suit = diamonds, Rank = seven }
{ Suit = hearts, Rank = ten }
{ Suit = spades, Rank = king }
{ Suit = diamonds, Rank = two }
{ Suit = hearts, Rank = five }
{ Suit = spades, Rank = eight }
{ Suit = clubs, Rank = ten }
{ Suit = diamonds, Rank = king }
{ Suit = spades, Rank = three }
{ Suit = clubs, Rank = five }
{ Suit = diamonds, Rank = eight }
{ Suit = hearts, Rank = jack }
{ Suit = spades, Rank = ace }
{ Suit = diamonds, Rank = three }
{ Suit = hearts, Rank = six }
{ Suit = spades, Rank = nine }
{ Suit = clubs, Rank = jack }
{ Suit = diamonds, Rank = ace }
{ Suit = spades, Rank = four }
{ Suit = clubs, Rank = six }
{ Suit = diamonds, Rank = nine }
{ Suit = hearts, Rank = queen }

{ Suit = clubs, Rank = nine }
{ Suit = diamonds, Rank = four }
{ Suit = diamonds, Rank = queen }
{ Suit = hearts, Rank = seven }
{ Suit = spades, Rank = two }
{ Suit = spades, Rank = ten }
{ Suit = clubs, Rank = four }
{ Suit = clubs, Rank = queen }
{ Suit = diamonds, Rank = seven }
{ Suit = hearts, Rank = two }
{ Suit = hearts, Rank = ten }
{ Suit = spades, Rank = five }
{ Suit = spades, Rank = king }
{ Suit = clubs, Rank = seven }
{ Suit = diamonds, Rank = two }
{ Suit = diamonds, Rank = ten }
{ Suit = hearts, Rank = five }
{ Suit = hearts, Rank = king }
{ Suit = spades, Rank = eight }
{ Suit = clubs, Rank = two }
{ Suit = clubs, Rank = ten }
{ Suit = diamonds, Rank = five }
{ Suit = diamonds, Rank = king }
{ Suit = hearts, Rank = eight }
{ Suit = spades, Rank = three }
{ Suit = spades, Rank = jack }
{ Suit = clubs, Rank = five }
{ Suit = clubs, Rank = king }
{ Suit = diamonds, Rank = eight }
{ Suit = hearts, Rank = three }
{ Suit = hearts, Rank = jack }
{ Suit = spades, Rank = six }
{ Suit = spades, Rank = ace }
{ Suit = clubs, Rank = eight }
{ Suit = diamonds, Rank = three }
{ Suit = diamonds, Rank = jack }
{ Suit = hearts, Rank = six }
{ Suit = hearts, Rank = ace }
{ Suit = spades, Rank = nine }
{ Suit = clubs, Rank = three }
{ Suit = clubs, Rank = jack }
{ Suit = diamonds, Rank = six }
{ Suit = diamonds, Rank = ace }
{ Suit = hearts, Rank = nine }
{ Suit = spades, Rank = four }
{ Suit = spades, Rank = queen }
{ Suit = clubs, Rank = six }
{ Suit = clubs, Rank = ace }
{ Suit = diamonds, Rank = nine }
{ Suit = hearts, Rank = four }
{ Suit = hearts, Rank = queen }
{ Suit = spades, Rank = seven }

{ Suit = clubs, Rank = five }
{ Suit = clubs, Rank = nine }
{ Suit = clubs, Rank = king }
{ Suit = diamonds, Rank = four }
{ Suit = diamonds, Rank = eight }
{ Suit = diamonds, Rank = queen }
{ Suit = hearts, Rank = three }
{ Suit = hearts, Rank = seven }
{ Suit = hearts, Rank = jack }
{ Suit = spades, Rank = two }
{ Suit = spades, Rank = six }
{ Suit = spades, Rank = ten }
{ Suit = spades, Rank = ace }
{ Suit = clubs, Rank = four }
{ Suit = clubs, Rank = eight }
{ Suit = clubs, Rank = queen }
{ Suit = diamonds, Rank = three }
{ Suit = diamonds, Rank = seven }
{ Suit = diamonds, Rank = jack }
{ Suit = hearts, Rank = two }
{ Suit = hearts, Rank = six }
{ Suit = hearts, Rank = ten }
{ Suit = hearts, Rank = ace }
{ Suit = spades, Rank = five }
{ Suit = spades, Rank = nine }
{ Suit = spades, Rank = king }
{ Suit = clubs, Rank = three }
{ Suit = clubs, Rank = seven }
{ Suit = clubs, Rank = jack }
{ Suit = diamonds, Rank = two }
{ Suit = diamonds, Rank = six }
{ Suit = diamonds, Rank = ten }
{ Suit = diamonds, Rank = ace }
{ Suit = hearts, Rank = five }
{ Suit = hearts, Rank = nine }
{ Suit = hearts, Rank = king }
{ Suit = spades, Rank = four }
{ Suit = spades, Rank = eight }
{ Suit = spades, Rank = queen }
{ Suit = clubs, Rank = two }
{ Suit = clubs, Rank = six }
{ Suit = clubs, Rank = ten }
{ Suit = clubs, Rank = ace }
{ Suit = diamonds, Rank = five }
{ Suit = diamonds, Rank = nine }
{ Suit = diamonds, Rank = king }
{ Suit = hearts, Rank = four }
{ Suit = hearts, Rank = eight }
{ Suit = hearts, Rank = queen }
{ Suit = spades, Rank = three }
{ Suit = spades, Rank = seven }
{ Suit = spades, Rank = jack }

{ Suit = clubs, Rank = three }
{ Suit = clubs, Rank = five }
{ Suit = clubs, Rank = seven }
{ Suit = clubs, Rank = nine }
{ Suit = clubs, Rank = jack }
{ Suit = clubs, Rank = king }
{ Suit = diamonds, Rank = two }
{ Suit = diamonds, Rank = four }
{ Suit = diamonds, Rank = six }
{ Suit = diamonds, Rank = eight }
{ Suit = diamonds, Rank = ten }
{ Suit = diamonds, Rank = queen }
{ Suit = diamonds, Rank = ace }
{ Suit = hearts, Rank = three }
{ Suit = hearts, Rank = five }
{ Suit = hearts, Rank = seven }
{ Suit = hearts, Rank = nine }
{ Suit = hearts, Rank = jack }
{ Suit = hearts, Rank = king }
{ Suit = spades, Rank = two }
{ Suit = spades, Rank = four }
{ Suit = spades, Rank = six }
{ Suit = spades, Rank = eight }
{ Suit = spades, Rank = ten }
{ Suit = spades, Rank = queen }
{ Suit = spades, Rank = ace }
{ Suit = clubs, Rank = two }
{ Suit = clubs, Rank = four }
{ Suit = clubs, Rank = six }
{ Suit = clubs, Rank = eight }
{ Suit = clubs, Rank = ten }
{ Suit = clubs, Rank = queen }
{ Suit = clubs, Rank = ace }
{ Suit = diamonds, Rank = three }
{ Suit = diamonds, Rank = five }
{ Suit = diamonds, Rank = seven }
{ Suit = diamonds, Rank = nine }
{ Suit = diamonds, Rank = jack }
{ Suit = diamonds, Rank = king }
{ Suit = hearts, Rank = two }
{ Suit = hearts, Rank = four }
{ Suit = hearts, Rank = six }
{ Suit = hearts, Rank = eight }
{ Suit = hearts, Rank = ten }
{ Suit = hearts, Rank = queen }
{ Suit = hearts, Rank = ace }
{ Suit = spades, Rank = three }
{ Suit = spades, Rank = five }
{ Suit = spades, Rank = seven }
{ Suit = spades, Rank = nine }
{ Suit = spades, Rank = jack }
{ Suit = spades, Rank = king }

{ Suit = clubs, Rank = two }
{ Suit = clubs, Rank = three }
{ Suit = clubs, Rank = four }
{ Suit = clubs, Rank = five }
{ Suit = clubs, Rank = six }
{ Suit = clubs, Rank = seven }
{ Suit = clubs, Rank = eight }
{ Suit = clubs, Rank = nine }
{ Suit = clubs, Rank = ten }
{ Suit = clubs, Rank = jack }
{ Suit = clubs, Rank = queen }
{ Suit = clubs, Rank = king }
{ Suit = clubs, Rank = ace }
{ Suit = diamonds, Rank = two }
{ Suit = diamonds, Rank = three }
{ Suit = diamonds, Rank = four }
{ Suit = diamonds, Rank = five }
{ Suit = diamonds, Rank = six }
{ Suit = diamonds, Rank = seven }
{ Suit = diamonds, Rank = eight }
{ Suit = diamonds, Rank = nine }
{ Suit = diamonds, Rank = ten }
{ Suit = diamonds, Rank = jack }
{ Suit = diamonds, Rank = queen }
{ Suit = diamonds, Rank = king }
{ Suit = diamonds, Rank = ace }
{ Suit = hearts, Rank = two }
{ Suit = hearts, Rank = three }
{ Suit = hearts, Rank = four }
{ Suit = hearts, Rank = five }
{ Suit = hearts, Rank = six }
{ Suit = hearts, Rank = seven }
{ Suit = hearts, Rank = eight }
{ Suit = hearts, Rank = nine }
{ Suit = hearts, Rank = ten }
{ Suit = hearts, Rank = jack }
{ Suit = hearts, Rank = queen }
{ Suit = hearts, Rank = king }
{ Suit = hearts, Rank = ace }
{ Suit = spades, Rank = two }
{ Suit = spades, Rank = three }
{ Suit = spades, Rank = four }
{ Suit = spades, Rank = five }
{ Suit = spades, Rank = six }
{ Suit = spades, Rank = seven }
{ Suit = spades, Rank = eight }
{ Suit = spades, Rank = nine }
{ Suit = spades, Rank = ten }
{ Suit = spades, Rank = jack }
{ Suit = spades, Rank = queen }
{ Suit = spades, Rank = king }
{ Suit = spades, Rank = ace }

52
